2023-08-21 00:00:49,742 - testcase_info - testcase_parameter.py  - [line:63] - INFO: ********************************************************************************************************************************************************************************************************
2023-08-21 00:00:49,742 - testcase_info - testcase_parameter.py  - [line:64] - INFO: 用例id：2
2023-08-21 00:00:49,742 - testcase_info - testcase_parameter.py  - [line:65] - INFO: 接口名称：登录
2023-08-21 00:00:49,742 - testcase_info - testcase_parameter.py  - [line:66] - INFO: 用例名称：登录失败
2023-08-21 00:00:49,742 - testcase_info - testcase_parameter.py  - [line:67] - INFO: 前置用例：None
2023-08-21 00:00:49,742 - testcase_info - testcase_parameter.py  - [line:68] - INFO: 前置用例响应数据：detail.type
2023-08-21 00:00:49,745 - testcase_info - testcase_parameter.py  - [line:69] - INFO: 数据依赖字段：remark
2023-08-21 00:00:49,745 - testcase_info - testcase_parameter.py  - [line:70] - INFO: api_url：api/ld-erps/deptoptionalpackage/submit
2023-08-21 00:00:49,745 - testcase_info - testcase_parameter.py  - [line:71] - INFO: 请求地址：http://lduat.xsdmt.com.cn/api/ld-erps/deptoptionalpackage/submit
2023-08-21 00:00:49,745 - testcase_info - testcase_parameter.py  - [line:72] - INFO: 请求方式：post
2023-08-21 00:00:49,745 - testcase_info - testcase_parameter.py  - [line:73] - INFO: 请求数据：{'deptBrandId': '1500010931297513473', 'deptFirmId': '1500010984066052098', 'deptSeriesId': '1500011053616001025', 'packageName': '国庆节', 'packageCode': '大礼包', 'remark': '十月'}
2023-08-21 00:00:49,745 - testcase_info - testcase_parameter.py  - [line:74] - INFO: 请求头信息：{'Content-Type': 'application/json;charset=UTF-8', 'Authorization': 'Basic c2FiZXI6bGRAMTIzNDU2', 'Blade-Auth': 'bearer eyJhbGciOiJIUzI1NiIsInR5cCI6IkpXVCJ9.eyJ0ZW5hbnRfaWQiOiI2ODMyNTIiLCJ0ZW5hbnRfbmFtZSI6Iua8lOekuuenn-aItyjmlbDmja7lvILluLjmmoLlgZzkvb_nlKgpIiwidXNlcl9uYW1lIjoiYWRtaW4iLCJkZXB0X25hbWUiOiLmvJTnpLrnp5_miLciLCJyZWFsX25hbWUiOiJhZG1pbiIsImF2YXRhciI6InVwbG9hZC8yMDIyMDExMi8zZTg3ZDI2YzZhMzUxOWM5YmM5N2YwM2I2Y2E0N2E3OS5wbmciLCJhdXRob3JpdGllcyI6WyJhZG1pbiJdLCJjbGllbnRfaWQiOiJzYWJlciIsInJvbGVfbmFtZSI6ImFkbWluIiwicG9zdF9pZCI6IjE0ODEyMDc0NTI2NzU5NDQ0NDkiLCJ1c2VyX2lkIjoiMTQ3MzQ4MjMxOTgxNzk2OTY2NSIsInJvbGVfaWQiOiIxNDczNDgyMzEwNTQwNjU2NjQxIiwicG9zdF9uYW1lIjoiY2VvIiwic2NvcGUiOlsiYWxsIl0sIm5pY2tfbmFtZSI6ImFkbWluIiwib2F1dGhfaWQiOiIiLCJkZXRhaWwiOnsidHlwZSI6IndlYiJ9LCJleHAiOjE2ODk2ODAxMzEsImRlcHRfaWQiOiIxNDczNDgyMzE0MzcwMDU2MTk0IiwicG93ZXJlZCBieSBsZCI6InBvd2VyZWQgYnkgYmxhZGV4IiwianRpIjoiNjY4NDAwOGEtYWUwMi00YzQ0LWE2OWItY2FiYzdkZjY3ZWUzIiwiYWNjb3VudCI6ImFkbWluIn0.u01NTOYLZSSCyoUsKowvKEWyTW_1qDeBXqdszhQkbxw', 'Cookie': 'saber-refresh-token=eyJhbGciOiJIUzI1NiIsInR5cCI6IkpXVCJ9.eyJ0ZW5hbnRfaWQiOiI2ODMyNTIiLCJ0ZW5hbnRfbmFtZSI6Iua8lOekuuenn-aItyjmlbDmja7lvILluLjmmoLlgZzkvb_nlKgpIiwidXNlcl9uYW1lIjoiYWRtaW4iLCJkZXB0X25hbWUiOiLmvJTnpLrnp5_miLciLCJyZWFsX25hbWUiOiJhZG1pbiIsImF2YXRhciI6InVwbG9hZC8yMDIyMDExMi8zZTg3ZDI2YzZhMzUxOWM5YmM5N2YwM2I2Y2E0N2E3OS5wbmciLCJhdXRob3JpdGllcyI6WyJhZG1pbiJdLCJjbGllbnRfaWQiOiJzYWJlciIsInJvbGVfbmFtZSI6ImFkbWluIiwicG9zdF9pZCI6IjE0ODEyMDc0NTI2NzU5NDQ0NDkiLCJ1c2VyX2lkIjoiMTQ3MzQ4MjMxOTgxNzk2OTY2NSIsInJvbGVfaWQiOiIxNDczNDgyMzEwNTQwNjU2NjQxIiwicG9zdF9uYW1lIjoiY2VvIiwic2NvcGUiOlsiYWxsIl0sIm5pY2tfbmFtZSI6ImFkbWluIiwiYXRpIjoiNjY4NDAwOGEtYWUwMi00YzQ0LWE2OWItY2FiYzdkZjY3ZWUzIiwib2F1dGhfaWQiOiIiLCJkZXRhaWwiOnsidHlwZSI6IndlYiJ9LCJleHAiOjE2OTAyODEzMzEsImRlcHRfaWQiOiIxNDczNDgyMzE0MzcwMDU2MTk0IiwicG93ZXJlZCBieSBsZCI6InBvd2VyZWQgYnkgYmxhZGV4IiwianRpIjoiZTg1NDE0NGQtZTY5Zi00MGY3LWJjM2MtNTZjOTU1ZjEzNDFiIiwiYWNjb3VudCI6ImFkbWluIn0.J8qEnQvTnFrl-WQrJRmIuOq468SeHwenrHrph6J-U20', 'dept_id': '1473482314370056194', 'Tenant-Id': '683252'}
2023-08-21 00:00:49,746 - testcase_info - testcase_parameter.py  - [line:75] - INFO: 参数媒体类型：application/json
2023-08-21 00:00:49,746 - testcase_info - testcase_parameter.py  - [line:76] - INFO: 上传文件：{'图片1': 'C:\\Users\\asus\\Desktop\\1.jpg', '图片2': 'C:\\Users\\asus\\Desktop\\2.jpg'}
2023-08-21 00:00:49,746 - testcase_info - testcase_parameter.py  - [line:77] - INFO: cookies：False
2023-08-21 00:00:49,746 - testcase_info - testcase_parameter.py  - [line:78] - INFO: 超时时长：10
2023-08-21 00:00:49,746 - testcase_info - testcase_parameter.py  - [line:79] - INFO: 待核验信息：{'check_mode': 'check_code', 'expected_code': 206, 'expected_desc': {'$..msg': '请求未授权'}, 'expected_format': {'code': 101058, 'success': False, 'data': {}}}
2023-08-21 00:00:49,809 - api_method - api_method.py  - [line:31] - INFO: POST请求方法1: POST--application/json,请求响应信息：{'msg': '请求未授权', 'code': 401, 'data': None}
2023-08-21 00:00:50,816 - testcase_info - testcase_parameter.py  - [line:122] - INFO: 
请求响应信息： [401, '{"msg":"请求未授权","code":401,"data":null}']
2023-08-21 00:00:50,818 - check_result - check_result.py  - [line:55] - ERROR: 
预期响应码:206 
实际响应码:401 
错误信息:Traceback (most recent call last):
  File "D:\Pytest_API\comm\check_result.py", line 53, in test_check_result
    assert str(expected_code) == str(actual_code)
AssertionError

2023-08-21 00:00:50,832 - testcase_info - testcase_parameter.py  - [line:63] - INFO: ********************************************************************************************************************************************************************************************************
2023-08-21 00:00:50,832 - testcase_info - testcase_parameter.py  - [line:64] - INFO: 用例id：4
2023-08-21 00:00:50,832 - testcase_info - testcase_parameter.py  - [line:65] - INFO: 接口名称：车型信息
2023-08-21 00:00:50,832 - testcase_info - testcase_parameter.py  - [line:66] - INFO: 用例名称：新增车型信息
2023-08-21 00:00:50,832 - testcase_info - testcase_parameter.py  - [line:67] - INFO: 前置用例：1
2023-08-21 00:00:50,832 - testcase_info - testcase_parameter.py  - [line:68] - INFO: 前置用例响应数据：detail.type
2023-08-21 00:00:50,832 - testcase_info - testcase_parameter.py  - [line:69] - INFO: 数据依赖字段：deptSeriesId
2023-08-21 00:00:50,833 - testcase_info - testcase_parameter.py  - [line:70] - INFO: api_url：api/ld-erps/deptcartype/submit
2023-08-21 00:00:50,833 - testcase_info - testcase_parameter.py  - [line:71] - INFO: 请求地址：http://lduat.xsdmt.com.cn/api/ld-erps/deptcartype/submit
2023-08-21 00:00:50,833 - testcase_info - testcase_parameter.py  - [line:72] - INFO: 请求方式：post
2023-08-21 00:00:50,833 - testcase_info - testcase_parameter.py  - [line:73] - INFO: 请求数据：{'brandName': '1500010931297513473', 'deptBrandId': '1500010931297513473', 'deptFirmId': '1500010984066052098', 'deptSeriesId': '1500011053616001025', 'typeName': 'a1', 'typeCode': 'a23', 'ageStyleType': 1, 'ageStyleTypeName': '1', 'gearBoxType': 1, 'gearBoxTypeName': '1', 'engineCapacity': 'a4', 'emissionStandard': 1, 'emissionStandardName': '1', 'versionNo': 'a5', 'powerType': 1, 'powerTypeName': '1', 'guidePrice': '6', 'costPrice': '7', 'referenceRebate': '7', 'status': 1, 'furl': '', 'imgsUrl': 'upload/20230718/b817487e07842052d575d9d2935a29fd.jpg', 'remark': '<p>豪车</p>', 'appliedScope': '1,2'}
2023-08-21 00:00:50,833 - testcase_info - testcase_parameter.py  - [line:74] - INFO: 请求头信息：{'Content-Type': 'application/json;charset=UTF-8', 'Authorization': 'Basic c2FiZXI6bGRAMTIzNDU2', 'Blade-Auth': 'bearer eyJhbGciOiJIUzI1NiIsInR5cCI6IkpXVCJ9.eyJ0ZW5hbnRfaWQiOiI2ODMyNTIiLCJ0ZW5hbnRfbmFtZSI6Iua8lOekuuenn-aItyjmlbDmja7lvILluLjmmoLlgZzkvb_nlKgpIiwidXNlcl9uYW1lIjoiYWRtaW4iLCJkZXB0X25hbWUiOiLmvJTnpLrnp5_miLciLCJyZWFsX25hbWUiOiJhZG1pbiIsImF2YXRhciI6InVwbG9hZC8yMDIyMDExMi8zZTg3ZDI2YzZhMzUxOWM5YmM5N2YwM2I2Y2E0N2E3OS5wbmciLCJhdXRob3JpdGllcyI6WyJhZG1pbiJdLCJjbGllbnRfaWQiOiJzYWJlciIsInJvbGVfbmFtZSI6ImFkbWluIiwicG9zdF9pZCI6IjE0ODEyMDc0NTI2NzU5NDQ0NDkiLCJ1c2VyX2lkIjoiMTQ3MzQ4MjMxOTgxNzk2OTY2NSIsInJvbGVfaWQiOiIxNDczNDgyMzEwNTQwNjU2NjQxIiwicG9zdF9uYW1lIjoiY2VvIiwic2NvcGUiOlsiYWxsIl0sIm5pY2tfbmFtZSI6ImFkbWluIiwib2F1dGhfaWQiOiIiLCJkZXRhaWwiOnsidHlwZSI6IndlYiJ9LCJleHAiOjE2ODk2ODAxMzEsImRlcHRfaWQiOiIxNDczNDgyMzE0MzcwMDU2MTk0IiwicG93ZXJlZCBieSBsZCI6InBvd2VyZWQgYnkgYmxhZGV4IiwianRpIjoiNjY4NDAwOGEtYWUwMi00YzQ0LWE2OWItY2FiYzdkZjY3ZWUzIiwiYWNjb3VudCI6ImFkbWluIn0.u01NTOYLZSSCyoUsKowvKEWyTW_1qDeBXqdszhQkbxw', 'Cookie': 'saber-refresh-token=eyJhbGciOiJIUzI1NiIsInR5cCI6IkpXVCJ9.eyJ0ZW5hbnRfaWQiOiI2ODMyNTIiLCJ0ZW5hbnRfbmFtZSI6Iua8lOekuuenn-aItyjmlbDmja7lvILluLjmmoLlgZzkvb_nlKgpIiwidXNlcl9uYW1lIjoiYWRtaW4iLCJkZXB0X25hbWUiOiLmvJTnpLrnp5_miLciLCJyZWFsX25hbWUiOiJhZG1pbiIsImF2YXRhciI6InVwbG9hZC8yMDIyMDExMi8zZTg3ZDI2YzZhMzUxOWM5YmM5N2YwM2I2Y2E0N2E3OS5wbmciLCJhdXRob3JpdGllcyI6WyJhZG1pbiJdLCJjbGllbnRfaWQiOiJzYWJlciIsInJvbGVfbmFtZSI6ImFkbWluIiwicG9zdF9pZCI6IjE0ODEyMDc0NTI2NzU5NDQ0NDkiLCJ1c2VyX2lkIjoiMTQ3MzQ4MjMxOTgxNzk2OTY2NSIsInJvbGVfaWQiOiIxNDczNDgyMzEwNTQwNjU2NjQxIiwicG9zdF9uYW1lIjoiY2VvIiwic2NvcGUiOlsiYWxsIl0sIm5pY2tfbmFtZSI6ImFkbWluIiwiYXRpIjoiNjY4NDAwOGEtYWUwMi00YzQ0LWE2OWItY2FiYzdkZjY3ZWUzIiwib2F1dGhfaWQiOiIiLCJkZXRhaWwiOnsidHlwZSI6IndlYiJ9LCJleHAiOjE2OTAyODEzMzEsImRlcHRfaWQiOiIxNDczNDgyMzE0MzcwMDU2MTk0IiwicG93ZXJlZCBieSBsZCI6InBvd2VyZWQgYnkgYmxhZGV4IiwianRpIjoiZTg1NDE0NGQtZTY5Zi00MGY3LWJjM2MtNTZjOTU1ZjEzNDFiIiwiYWNjb3VudCI6ImFkbWluIn0.J8qEnQvTnFrl-WQrJRmIuOq468SeHwenrHrph6J-U20', 'dept_id': '1473482314370056194', 'Tenant-Id': '683252'}
2023-08-21 00:00:50,837 - testcase_info - testcase_parameter.py  - [line:75] - INFO: 参数媒体类型：application/json
2023-08-21 00:00:50,837 - testcase_info - testcase_parameter.py  - [line:76] - INFO: 上传文件：None
2023-08-21 00:00:50,837 - testcase_info - testcase_parameter.py  - [line:77] - INFO: cookies：False
2023-08-21 00:00:50,837 - testcase_info - testcase_parameter.py  - [line:78] - INFO: 超时时长：10
2023-08-21 00:00:50,837 - testcase_info - testcase_parameter.py  - [line:79] - INFO: 待核验信息：{'check_mode': 'check_code', 'expected_code': 401, 'expected_desc': {'$..msg': '门店车型代码重复！'}, 'expected_format': {'code': 101058, 'success': False, 'data': {}, 'msg': '门店车型代码重复！'}}
2023-08-21 00:00:50,863 - dependent_data - dependent_data.py  - [line:25] - INFO: case_id:4，匹配到的case数据为:{'case_id': 4, 'api_name': '车型信息', 'case_name': '新增车型信息', 'is_run': True, 'level': 'trivial', 'premise_caseid': 1, 'premise_key': 'detail.type', 'relevance_field': 'deptSeriesId', 'url': 'api/ld-erps/deptcartype/submit', 'method': 'post', 'data': {'brandName': '1500010931297513473', 'deptBrandId': '1500010931297513473', 'deptFirmId': '1500010984066052098', 'deptSeriesId': '1500011053616001025', 'typeName': 'a1', 'typeCode': 'a23', 'ageStyleType': 1, 'ageStyleTypeName': '1', 'gearBoxType': 1, 'gearBoxTypeName': '1', 'engineCapacity': 'a4', 'emissionStandard': 1, 'emissionStandardName': '1', 'versionNo': 'a5', 'powerType': 1, 'powerTypeName': '1', 'guidePrice': '6', 'costPrice': '7', 'referenceRebate': '7', 'status': 1, 'furl': '', 'imgsUrl': 'upload/20230718/b817487e07842052d575d9d2935a29fd.jpg', 'remark': '<p>豪车</p>', 'appliedScope': '1,2'}, 'headers': {'Content-Type': 'application/json;charset=UTF-8', 'Authorization': 'Basic c2FiZXI6bGRAMTIzNDU2', 'Blade-Auth': 'bearer eyJhbGciOiJIUzI1NiIsInR5cCI6IkpXVCJ9.eyJ0ZW5hbnRfaWQiOiI2ODMyNTIiLCJ0ZW5hbnRfbmFtZSI6Iua8lOekuuenn-aItyjmlbDmja7lvILluLjmmoLlgZzkvb_nlKgpIiwidXNlcl9uYW1lIjoiYWRtaW4iLCJkZXB0X25hbWUiOiLmvJTnpLrnp5_miLciLCJyZWFsX25hbWUiOiJhZG1pbiIsImF2YXRhciI6InVwbG9hZC8yMDIyMDExMi8zZTg3ZDI2YzZhMzUxOWM5YmM5N2YwM2I2Y2E0N2E3OS5wbmciLCJhdXRob3JpdGllcyI6WyJhZG1pbiJdLCJjbGllbnRfaWQiOiJzYWJlciIsInJvbGVfbmFtZSI6ImFkbWluIiwicG9zdF9pZCI6IjE0ODEyMDc0NTI2NzU5NDQ0NDkiLCJ1c2VyX2lkIjoiMTQ3MzQ4MjMxOTgxNzk2OTY2NSIsInJvbGVfaWQiOiIxNDczNDgyMzEwNTQwNjU2NjQxIiwicG9zdF9uYW1lIjoiY2VvIiwic2NvcGUiOlsiYWxsIl0sIm5pY2tfbmFtZSI6ImFkbWluIiwib2F1dGhfaWQiOiIiLCJkZXRhaWwiOnsidHlwZSI6IndlYiJ9LCJleHAiOjE2ODk2ODAxMzEsImRlcHRfaWQiOiIxNDczNDgyMzE0MzcwMDU2MTk0IiwicG93ZXJlZCBieSBsZCI6InBvd2VyZWQgYnkgYmxhZGV4IiwianRpIjoiNjY4NDAwOGEtYWUwMi00YzQ0LWE2OWItY2FiYzdkZjY3ZWUzIiwiYWNjb3VudCI6ImFkbWluIn0.u01NTOYLZSSCyoUsKowvKEWyTW_1qDeBXqdszhQkbxw', 'Cookie': 'saber-refresh-token=eyJhbGciOiJIUzI1NiIsInR5cCI6IkpXVCJ9.eyJ0ZW5hbnRfaWQiOiI2ODMyNTIiLCJ0ZW5hbnRfbmFtZSI6Iua8lOekuuenn-aItyjmlbDmja7lvILluLjmmoLlgZzkvb_nlKgpIiwidXNlcl9uYW1lIjoiYWRtaW4iLCJkZXB0X25hbWUiOiLmvJTnpLrnp5_miLciLCJyZWFsX25hbWUiOiJhZG1pbiIsImF2YXRhciI6InVwbG9hZC8yMDIyMDExMi8zZTg3ZDI2YzZhMzUxOWM5YmM5N2YwM2I2Y2E0N2E3OS5wbmciLCJhdXRob3JpdGllcyI6WyJhZG1pbiJdLCJjbGllbnRfaWQiOiJzYWJlciIsInJvbGVfbmFtZSI6ImFkbWluIiwicG9zdF9pZCI6IjE0ODEyMDc0NTI2NzU5NDQ0NDkiLCJ1c2VyX2lkIjoiMTQ3MzQ4MjMxOTgxNzk2OTY2NSIsInJvbGVfaWQiOiIxNDczNDgyMzEwNTQwNjU2NjQxIiwicG9zdF9uYW1lIjoiY2VvIiwic2NvcGUiOlsiYWxsIl0sIm5pY2tfbmFtZSI6ImFkbWluIiwiYXRpIjoiNjY4NDAwOGEtYWUwMi00YzQ0LWE2OWItY2FiYzdkZjY3ZWUzIiwib2F1dGhfaWQiOiIiLCJkZXRhaWwiOnsidHlwZSI6IndlYiJ9LCJleHAiOjE2OTAyODEzMzEsImRlcHRfaWQiOiIxNDczNDgyMzE0MzcwMDU2MTk0IiwicG93ZXJlZCBieSBsZCI6InBvd2VyZWQgYnkgYmxhZGV4IiwianRpIjoiZTg1NDE0NGQtZTY5Zi00MGY3LWJjM2MtNTZjOTU1ZjEzNDFiIiwiYWNjb3VudCI6ImFkbWluIn0.J8qEnQvTnFrl-WQrJRmIuOq468SeHwenrHrph6J-U20', 'dept_id': '1473482314370056194', 'Tenant-Id': '683252'}, 'mime_type': 'application/json', 'files': None, 'cookies': False, 'timeout': 10, 'validate': {'check_mode': 'check_code', 'expected_code': 401, 'expected_desc': {'$..msg': '门店车型代码重复！'}, 'expected_format': {'code': 101058, 'success': False, 'data': {}, 'msg': '门店车型代码重复！'}}}
2023-08-21 00:00:50,863 - dependent_data - dependent_data.py  - [line:91] - INFO: case_id:4,用例信息:{'case_id': 4, 'api_name': '车型信息', 'case_name': '新增车型信息', 'is_run': True, 'level': 'trivial', 'premise_caseid': 1, 'premise_key': 'detail.type', 'relevance_field': 'deptSeriesId', 'url': 'api/ld-erps/deptcartype/submit', 'method': 'post', 'data': {'brandName': '1500010931297513473', 'deptBrandId': '1500010931297513473', 'deptFirmId': '1500010984066052098', 'deptSeriesId': '1500011053616001025', 'typeName': 'a1', 'typeCode': 'a23', 'ageStyleType': 1, 'ageStyleTypeName': '1', 'gearBoxType': 1, 'gearBoxTypeName': '1', 'engineCapacity': 'a4', 'emissionStandard': 1, 'emissionStandardName': '1', 'versionNo': 'a5', 'powerType': 1, 'powerTypeName': '1', 'guidePrice': '6', 'costPrice': '7', 'referenceRebate': '7', 'status': 1, 'furl': '', 'imgsUrl': 'upload/20230718/b817487e07842052d575d9d2935a29fd.jpg', 'remark': '<p>豪车</p>', 'appliedScope': '1,2'}, 'headers': {'Content-Type': 'application/json;charset=UTF-8', 'Authorization': 'Basic c2FiZXI6bGRAMTIzNDU2', 'Blade-Auth': 'bearer eyJhbGciOiJIUzI1NiIsInR5cCI6IkpXVCJ9.eyJ0ZW5hbnRfaWQiOiI2ODMyNTIiLCJ0ZW5hbnRfbmFtZSI6Iua8lOekuuenn-aItyjmlbDmja7lvILluLjmmoLlgZzkvb_nlKgpIiwidXNlcl9uYW1lIjoiYWRtaW4iLCJkZXB0X25hbWUiOiLmvJTnpLrnp5_miLciLCJyZWFsX25hbWUiOiJhZG1pbiIsImF2YXRhciI6InVwbG9hZC8yMDIyMDExMi8zZTg3ZDI2YzZhMzUxOWM5YmM5N2YwM2I2Y2E0N2E3OS5wbmciLCJhdXRob3JpdGllcyI6WyJhZG1pbiJdLCJjbGllbnRfaWQiOiJzYWJlciIsInJvbGVfbmFtZSI6ImFkbWluIiwicG9zdF9pZCI6IjE0ODEyMDc0NTI2NzU5NDQ0NDkiLCJ1c2VyX2lkIjoiMTQ3MzQ4MjMxOTgxNzk2OTY2NSIsInJvbGVfaWQiOiIxNDczNDgyMzEwNTQwNjU2NjQxIiwicG9zdF9uYW1lIjoiY2VvIiwic2NvcGUiOlsiYWxsIl0sIm5pY2tfbmFtZSI6ImFkbWluIiwib2F1dGhfaWQiOiIiLCJkZXRhaWwiOnsidHlwZSI6IndlYiJ9LCJleHAiOjE2ODk2ODAxMzEsImRlcHRfaWQiOiIxNDczNDgyMzE0MzcwMDU2MTk0IiwicG93ZXJlZCBieSBsZCI6InBvd2VyZWQgYnkgYmxhZGV4IiwianRpIjoiNjY4NDAwOGEtYWUwMi00YzQ0LWE2OWItY2FiYzdkZjY3ZWUzIiwiYWNjb3VudCI6ImFkbWluIn0.u01NTOYLZSSCyoUsKowvKEWyTW_1qDeBXqdszhQkbxw', 'Cookie': 'saber-refresh-token=eyJhbGciOiJIUzI1NiIsInR5cCI6IkpXVCJ9.eyJ0ZW5hbnRfaWQiOiI2ODMyNTIiLCJ0ZW5hbnRfbmFtZSI6Iua8lOekuuenn-aItyjmlbDmja7lvILluLjmmoLlgZzkvb_nlKgpIiwidXNlcl9uYW1lIjoiYWRtaW4iLCJkZXB0X25hbWUiOiLmvJTnpLrnp5_miLciLCJyZWFsX25hbWUiOiJhZG1pbiIsImF2YXRhciI6InVwbG9hZC8yMDIyMDExMi8zZTg3ZDI2YzZhMzUxOWM5YmM5N2YwM2I2Y2E0N2E3OS5wbmciLCJhdXRob3JpdGllcyI6WyJhZG1pbiJdLCJjbGllbnRfaWQiOiJzYWJlciIsInJvbGVfbmFtZSI6ImFkbWluIiwicG9zdF9pZCI6IjE0ODEyMDc0NTI2NzU5NDQ0NDkiLCJ1c2VyX2lkIjoiMTQ3MzQ4MjMxOTgxNzk2OTY2NSIsInJvbGVfaWQiOiIxNDczNDgyMzEwNTQwNjU2NjQxIiwicG9zdF9uYW1lIjoiY2VvIiwic2NvcGUiOlsiYWxsIl0sIm5pY2tfbmFtZSI6ImFkbWluIiwiYXRpIjoiNjY4NDAwOGEtYWUwMi00YzQ0LWE2OWItY2FiYzdkZjY3ZWUzIiwib2F1dGhfaWQiOiIiLCJkZXRhaWwiOnsidHlwZSI6IndlYiJ9LCJleHAiOjE2OTAyODEzMzEsImRlcHRfaWQiOiIxNDczNDgyMzE0MzcwMDU2MTk0IiwicG93ZXJlZCBieSBsZCI6InBvd2VyZWQgYnkgYmxhZGV4IiwianRpIjoiZTg1NDE0NGQtZTY5Zi00MGY3LWJjM2MtNTZjOTU1ZjEzNDFiIiwiYWNjb3VudCI6ImFkbWluIn0.J8qEnQvTnFrl-WQrJRmIuOq468SeHwenrHrph6J-U20', 'dept_id': '1473482314370056194', 'Tenant-Id': '683252'}, 'mime_type': 'application/json', 'files': None, 'cookies': False, 'timeout': 10, 'validate': {'check_mode': 'check_code', 'expected_code': 401, 'expected_desc': {'$..msg': '门店车型代码重复！'}, 'expected_format': {'code': 101058, 'success': False, 'data': {}, 'msg': '门店车型代码重复！'}}}
2023-08-21 00:00:50,867 - dependent_data - dependent_data.py  - [line:96] - INFO: 第一层，if路径,case_id:4,前置用例case_id:1
2023-08-21 00:00:50,891 - dependent_data - dependent_data.py  - [line:25] - INFO: case_id:1，匹配到的case数据为:{'case_id': 1, 'api_name': '登录', 'case_name': '登录成功', 'is_run': True, 'level': 'blocker', 'premise_caseid': None, 'premise_key': 'msg', 'relevance_field': '测试', 'url': 'api/blade-auth/oauth/token?', 'method': 'post', 'data': {'tenantId': '683252', 'username': 'admin', 'password': '670b14728ad9902aecba32e22fa4f6bd', 'grant_type': 'password', 'scope': 'all', 'type': 'account'}, 'headers': {'Authorization': 'Basic c2FiZXI6bGRAMTIzNDU2', 'Tenant-Id': '683252'}, 'mime_type': 'application/x-www-form-urlencoded', 'files': {'图片1': 'C:\\Users\\asus\\Desktop\\1.jpg', '图片2': 'C:\\Users\\asus\\Desktop\\2.jpg'}, 'cookies': False, 'timeout': 10, 'validate': {'check_mode': 'check_code', 'expected_code': 400, 'expected_desc': {'$..msg': '门店车型代码重复！'}, 'expected_format': {'code': 101058, 'success': False, 'data': {}}}}
2023-08-21 00:00:50,891 - dependent_data - dependent_data.py  - [line:99] - INFO: 前置用例case_id:1,用例信息:{'case_id': 1, 'api_name': '登录', 'case_name': '登录成功', 'is_run': True, 'level': 'blocker', 'premise_caseid': None, 'premise_key': 'msg', 'relevance_field': '测试', 'url': 'api/blade-auth/oauth/token?', 'method': 'post', 'data': {'tenantId': '683252', 'username': 'admin', 'password': '670b14728ad9902aecba32e22fa4f6bd', 'grant_type': 'password', 'scope': 'all', 'type': 'account'}, 'headers': {'Authorization': 'Basic c2FiZXI6bGRAMTIzNDU2', 'Tenant-Id': '683252'}, 'mime_type': 'application/x-www-form-urlencoded', 'files': {'图片1': 'C:\\Users\\asus\\Desktop\\1.jpg', '图片2': 'C:\\Users\\asus\\Desktop\\2.jpg'}, 'cookies': False, 'timeout': 10, 'validate': {'check_mode': 'check_code', 'expected_code': 400, 'expected_desc': {'$..msg': '门店车型代码重复！'}, 'expected_format': {'code': 101058, 'success': False, 'data': {}}}}
2023-08-21 00:00:50,891 - dependent_data - dependent_data.py  - [line:153] - INFO: 第二层，else路径,case_id:1,前置用例case_id:None
2023-08-21 00:00:50,891 - dependent_data - dependent_data.py  - [line:34] - INFO: 发送请求前，先获取用例case_id:1的case数据
2023-08-21 00:00:50,915 - dependent_data - dependent_data.py  - [line:25] - INFO: case_id:1，匹配到的case数据为:{'case_id': 1, 'api_name': '登录', 'case_name': '登录成功', 'is_run': True, 'level': 'blocker', 'premise_caseid': None, 'premise_key': 'msg', 'relevance_field': '测试', 'url': 'api/blade-auth/oauth/token?', 'method': 'post', 'data': {'tenantId': '683252', 'username': 'admin', 'password': '670b14728ad9902aecba32e22fa4f6bd', 'grant_type': 'password', 'scope': 'all', 'type': 'account'}, 'headers': {'Authorization': 'Basic c2FiZXI6bGRAMTIzNDU2', 'Tenant-Id': '683252'}, 'mime_type': 'application/x-www-form-urlencoded', 'files': {'图片1': 'C:\\Users\\asus\\Desktop\\1.jpg', '图片2': 'C:\\Users\\asus\\Desktop\\2.jpg'}, 'cookies': False, 'timeout': 10, 'validate': {'check_mode': 'check_code', 'expected_code': 400, 'expected_desc': {'$..msg': '门店车型代码重复！'}, 'expected_format': {'code': 101058, 'success': False, 'data': {}}}}
2023-08-21 00:00:51,086 - api_method - api_method.py  - [line:35] - INFO: POST请求方法2: POST--www-form-urlencoded,请求响应信息：{'error': 'invalid_grant', 'error_description': 'Bad credentials'}
2023-08-21 00:00:52,089 - dependent_data - dependent_data.py  - [line:62] - INFO: case_id: 1 ,请求响应信息:[400, '{"error":"invalid_grant","error_description":"Bad credentials"}']
2023-08-21 00:00:52,089 - dependent_data - dependent_data.py  - [line:156] - INFO: 第二层，else路径，请求响应信息:[400, '{"error":"invalid_grant","error_description":"Bad credentials"}']
2023-08-21 00:00:52,094 - testcase_info - testcase_parameter.py  - [line:104] - INFO: 用例参数化--附带前置用例,请求响应信息:[400, '{"error":"invalid_grant","error_description":"Bad credentials"}']
2023-08-21 00:00:52,095 - check_result - check_result.py  - [line:55] - ERROR: 
预期响应码:401 
实际响应码:400 
错误信息:Traceback (most recent call last):
  File "D:\Pytest_API\comm\check_result.py", line 53, in test_check_result
    assert str(expected_code) == str(actual_code)
AssertionError

2023-08-21 00:00:52,107 - testcase_info - testcase_parameter.py  - [line:63] - INFO: ********************************************************************************************************************************************************************************************************
2023-08-21 00:00:52,107 - testcase_info - testcase_parameter.py  - [line:64] - INFO: 用例id：1
2023-08-21 00:00:52,107 - testcase_info - testcase_parameter.py  - [line:65] - INFO: 接口名称：登录
2023-08-21 00:00:52,107 - testcase_info - testcase_parameter.py  - [line:66] - INFO: 用例名称：登录成功
2023-08-21 00:00:52,107 - testcase_info - testcase_parameter.py  - [line:67] - INFO: 前置用例：None
2023-08-21 00:00:52,107 - testcase_info - testcase_parameter.py  - [line:68] - INFO: 前置用例响应数据：msg
2023-08-21 00:00:52,107 - testcase_info - testcase_parameter.py  - [line:69] - INFO: 数据依赖字段：测试
2023-08-21 00:00:52,107 - testcase_info - testcase_parameter.py  - [line:70] - INFO: api_url：api/blade-auth/oauth/token?
2023-08-21 00:00:52,107 - testcase_info - testcase_parameter.py  - [line:71] - INFO: 请求地址：http://lduat.xsdmt.com.cn/api/blade-auth/oauth/token?
2023-08-21 00:00:52,107 - testcase_info - testcase_parameter.py  - [line:72] - INFO: 请求方式：post
2023-08-21 00:00:52,107 - testcase_info - testcase_parameter.py  - [line:73] - INFO: 请求数据：{'tenantId': '683252', 'username': 'admin', 'password': '670b14728ad9902aecba32e22fa4f6bd', 'grant_type': 'password', 'scope': 'all', 'type': 'account'}
2023-08-21 00:00:52,107 - testcase_info - testcase_parameter.py  - [line:74] - INFO: 请求头信息：{'Authorization': 'Basic c2FiZXI6bGRAMTIzNDU2', 'Tenant-Id': '683252'}
2023-08-21 00:00:52,107 - testcase_info - testcase_parameter.py  - [line:75] - INFO: 参数媒体类型：application/x-www-form-urlencoded
2023-08-21 00:00:52,107 - testcase_info - testcase_parameter.py  - [line:76] - INFO: 上传文件：{'图片1': 'C:\\Users\\asus\\Desktop\\1.jpg', '图片2': 'C:\\Users\\asus\\Desktop\\2.jpg'}
2023-08-21 00:00:52,107 - testcase_info - testcase_parameter.py  - [line:77] - INFO: cookies：False
2023-08-21 00:00:52,107 - testcase_info - testcase_parameter.py  - [line:78] - INFO: 超时时长：10
2023-08-21 00:00:52,108 - testcase_info - testcase_parameter.py  - [line:79] - INFO: 待核验信息：{'check_mode': 'check_code', 'expected_code': 400, 'expected_desc': {'$..msg': '门店车型代码重复！'}, 'expected_format': {'code': 101058, 'success': False, 'data': {}}}
2023-08-21 00:00:52,193 - api_method - api_method.py  - [line:35] - INFO: POST请求方法2: POST--www-form-urlencoded,请求响应信息：{'error': 'invalid_grant', 'error_description': 'Bad credentials'}
2023-08-21 00:00:53,213 - testcase_info - testcase_parameter.py  - [line:122] - INFO: 
请求响应信息： [400, '{"error":"invalid_grant","error_description":"Bad credentials"}']
2023-08-21 00:00:53,214 - check_result - check_result.py  - [line:58] - INFO: 
待核验信息：{'check_mode': 'check_code', 'expected_code': 400, 'expected_desc': {'$..msg': '门店车型代码重复！'}, 'expected_format': {'code': 101058, 'success': False, 'data': {}}} 
请求响应信息：[400, '{"error":"invalid_grant","error_description":"Bad credentials"}'] 
预期响应码：400 
实际响应码：400
2023-08-21 00:00:53,218 - testcase_info - testcase_parameter.py  - [line:63] - INFO: ********************************************************************************************************************************************************************************************************
2023-08-21 00:00:53,218 - testcase_info - testcase_parameter.py  - [line:64] - INFO: 用例id：3
2023-08-21 00:00:53,218 - testcase_info - testcase_parameter.py  - [line:65] - INFO: 接口名称：金融机构逻辑删除
2023-08-21 00:00:53,218 - testcase_info - testcase_parameter.py  - [line:66] - INFO: 用例名称：删除金融机构
2023-08-21 00:00:53,218 - testcase_info - testcase_parameter.py  - [line:67] - INFO: 前置用例：None
2023-08-21 00:00:53,218 - testcase_info - testcase_parameter.py  - [line:68] - INFO: 前置用例响应数据：error
2023-08-21 00:00:53,218 - testcase_info - testcase_parameter.py  - [line:69] - INFO: 数据依赖字段：ids
2023-08-21 00:00:53,218 - testcase_info - testcase_parameter.py  - [line:70] - INFO: api_url：api/ld-erps/finance/remove
2023-08-21 00:00:53,218 - testcase_info - testcase_parameter.py  - [line:71] - INFO: 请求地址：http://lduat.xsdmt.com.cn/api/ld-erps/finance/remove
2023-08-21 00:00:53,218 - testcase_info - testcase_parameter.py  - [line:72] - INFO: 请求方式：post
2023-08-21 00:00:53,218 - testcase_info - testcase_parameter.py  - [line:73] - INFO: 请求数据：{'ids': '1455772183081054209'}
2023-08-21 00:00:53,219 - testcase_info - testcase_parameter.py  - [line:74] - INFO: 请求头信息：{'Content-Type': 'application/x-www-form-urlencoded', 'Authorization': 'Basic c2FiZXI6bGRAMTIzNDU2', 'Blade-Auth': 'bearer eyJhbGciOiJIUzI1NiIsInR5cCI6IkpXVCJ9.eyJ0ZW5hbnRfaWQiOiI2ODMyNTIiLCJ0ZW5hbnRfbmFtZSI6Iua8lOekuuenn-aItyjmlbDmja7lvILluLjmmoLlgZzkvb_nlKgpIiwidXNlcl9uYW1lIjoiYWRtaW4iLCJkZXB0X25hbWUiOiLmvJTnpLrnp5_miLciLCJyZWFsX25hbWUiOiJhZG1pbiIsImF2YXRhciI6InVwbG9hZC8yMDIyMDExMi8zZTg3ZDI2YzZhMzUxOWM5YmM5N2YwM2I2Y2E0N2E3OS5wbmciLCJhdXRob3JpdGllcyI6WyJhZG1pbiJdLCJjbGllbnRfaWQiOiJzYWJlciIsInJvbGVfbmFtZSI6ImFkbWluIiwicG9zdF9pZCI6IjE0ODEyMDc0NTI2NzU5NDQ0NDkiLCJ1c2VyX2lkIjoiMTQ3MzQ4MjMxOTgxNzk2OTY2NSIsInJvbGVfaWQiOiIxNDczNDgyMzEwNTQwNjU2NjQxIiwicG9zdF9uYW1lIjoiY2VvIiwic2NvcGUiOlsiYWxsIl0sIm5pY2tfbmFtZSI6ImFkbWluIiwib2F1dGhfaWQiOiIiLCJkZXRhaWwiOnsidHlwZSI6IndlYiJ9LCJleHAiOjE2ODk2ODAxMzEsImRlcHRfaWQiOiIxNDczNDgyMzE0MzcwMDU2MTk0IiwicG93ZXJlZCBieSBsZCI6InBvd2VyZWQgYnkgYmxhZGV4IiwianRpIjoiNjY4NDAwOGEtYWUwMi00YzQ0LWE2OWItY2FiYzdkZjY3ZWUzIiwiYWNjb3VudCI6ImFkbWluIn0.u01NTOYLZSSCyoUsKowvKEWyTW_1qDeBXqdszhQkbxw', 'Cookie': 'saber-refresh-token=eyJhbGciOiJIUzI1NiIsInR5cCI6IkpXVCJ9.eyJ0ZW5hbnRfaWQiOiI2ODMyNTIiLCJ0ZW5hbnRfbmFtZSI6Iua8lOekuuenn-aItyjmlbDmja7lvILluLjmmoLlgZzkvb_nlKgpIiwidXNlcl9uYW1lIjoiYWRtaW4iLCJkZXB0X25hbWUiOiLmvJTnpLrnp5_miLciLCJyZWFsX25hbWUiOiJhZG1pbiIsImF2YXRhciI6InVwbG9hZC8yMDIyMDExMi8zZTg3ZDI2YzZhMzUxOWM5YmM5N2YwM2I2Y2E0N2E3OS5wbmciLCJhdXRob3JpdGllcyI6WyJhZG1pbiJdLCJjbGllbnRfaWQiOiJzYWJlciIsInJvbGVfbmFtZSI6ImFkbWluIiwicG9zdF9pZCI6IjE0ODEyMDc0NTI2NzU5NDQ0NDkiLCJ1c2VyX2lkIjoiMTQ3MzQ4MjMxOTgxNzk2OTY2NSIsInJvbGVfaWQiOiIxNDczNDgyMzEwNTQwNjU2NjQxIiwicG9zdF9uYW1lIjoiY2VvIiwic2NvcGUiOlsiYWxsIl0sIm5pY2tfbmFtZSI6ImFkbWluIiwiYXRpIjoiNjY4NDAwOGEtYWUwMi00YzQ0LWE2OWItY2FiYzdkZjY3ZWUzIiwib2F1dGhfaWQiOiIiLCJkZXRhaWwiOnsidHlwZSI6IndlYiJ9LCJleHAiOjE2OTAyODEzMzEsImRlcHRfaWQiOiIxNDczNDgyMzE0MzcwMDU2MTk0IiwicG93ZXJlZCBieSBsZCI6InBvd2VyZWQgYnkgYmxhZGV4IiwianRpIjoiZTg1NDE0NGQtZTY5Zi00MGY3LWJjM2MtNTZjOTU1ZjEzNDFiIiwiYWNjb3VudCI6ImFkbWluIn0.J8qEnQvTnFrl-WQrJRmIuOq468SeHwenrHrph6J-U20', 'dept_id': '1473482314370056194', 'Tenant-Id': '683252'}
2023-08-21 00:00:53,219 - testcase_info - testcase_parameter.py  - [line:75] - INFO: 参数媒体类型：www-form-urlencoded
2023-08-21 00:00:53,219 - testcase_info - testcase_parameter.py  - [line:76] - INFO: 上传文件：None
2023-08-21 00:00:53,219 - testcase_info - testcase_parameter.py  - [line:77] - INFO: cookies：False
2023-08-21 00:00:53,219 - testcase_info - testcase_parameter.py  - [line:78] - INFO: 超时时长：10
2023-08-21 00:00:53,219 - testcase_info - testcase_parameter.py  - [line:79] - INFO: 待核验信息：{'check_mode': 'check_code', 'expected_code': 401, 'expected_desc': {'$..msg': '门店车型代码重复！'}, 'expected_format': {'code': 101058, 'success': False, 'data': {}}}
2023-08-21 00:00:53,276 - api_method - api_method.py  - [line:35] - INFO: POST请求方法2: POST--www-form-urlencoded,请求响应信息：{'msg': '请求未授权', 'code': 401, 'data': None}
2023-08-21 00:00:54,293 - testcase_info - testcase_parameter.py  - [line:122] - INFO: 
请求响应信息： [401, '{"msg":"请求未授权","code":401,"data":null}']
2023-08-21 00:00:54,297 - check_result - check_result.py  - [line:58] - INFO: 
待核验信息：{'check_mode': 'check_code', 'expected_code': 401, 'expected_desc': {'$..msg': '门店车型代码重复！'}, 'expected_format': {'code': 101058, 'success': False, 'data': {}}} 
请求响应信息：[401, '{"msg":"请求未授权","code":401,"data":null}'] 
预期响应码：401 
实际响应码：401
2023-08-21 00:02:12,197 - testcase_info - testcase_parameter.py  - [line:63] - INFO: ********************************************************************************************************************************************************************************************************
2023-08-21 00:02:12,198 - testcase_info - testcase_parameter.py  - [line:64] - INFO: 用例id：2
2023-08-21 00:02:12,198 - testcase_info - testcase_parameter.py  - [line:65] - INFO: 接口名称：登录
2023-08-21 00:02:12,198 - testcase_info - testcase_parameter.py  - [line:66] - INFO: 用例名称：登录失败
2023-08-21 00:02:12,198 - testcase_info - testcase_parameter.py  - [line:67] - INFO: 前置用例：None
2023-08-21 00:02:12,198 - testcase_info - testcase_parameter.py  - [line:68] - INFO: 前置用例响应数据：detail.type
2023-08-21 00:02:12,198 - testcase_info - testcase_parameter.py  - [line:69] - INFO: 数据依赖字段：remark
2023-08-21 00:02:12,198 - testcase_info - testcase_parameter.py  - [line:70] - INFO: api_url：api/ld-erps/deptoptionalpackage/submit
2023-08-21 00:02:12,198 - testcase_info - testcase_parameter.py  - [line:71] - INFO: 请求地址：http://lduat.xsdmt.com.cn/api/ld-erps/deptoptionalpackage/submit
2023-08-21 00:02:12,198 - testcase_info - testcase_parameter.py  - [line:72] - INFO: 请求方式：post
2023-08-21 00:02:12,198 - testcase_info - testcase_parameter.py  - [line:73] - INFO: 请求数据：{'deptBrandId': '1500010931297513473', 'deptFirmId': '1500010984066052098', 'deptSeriesId': '1500011053616001025', 'packageName': '国庆节', 'packageCode': '大礼包', 'remark': '十月'}
2023-08-21 00:02:12,199 - testcase_info - testcase_parameter.py  - [line:74] - INFO: 请求头信息：{'Content-Type': 'application/json;charset=UTF-8', 'Authorization': 'Basic c2FiZXI6bGRAMTIzNDU2', 'Blade-Auth': 'bearer eyJhbGciOiJIUzI1NiIsInR5cCI6IkpXVCJ9.eyJ0ZW5hbnRfaWQiOiI2ODMyNTIiLCJ0ZW5hbnRfbmFtZSI6Iua8lOekuuenn-aItyjmlbDmja7lvILluLjmmoLlgZzkvb_nlKgpIiwidXNlcl9uYW1lIjoiYWRtaW4iLCJkZXB0X25hbWUiOiLmvJTnpLrnp5_miLciLCJyZWFsX25hbWUiOiJhZG1pbiIsImF2YXRhciI6InVwbG9hZC8yMDIyMDExMi8zZTg3ZDI2YzZhMzUxOWM5YmM5N2YwM2I2Y2E0N2E3OS5wbmciLCJhdXRob3JpdGllcyI6WyJhZG1pbiJdLCJjbGllbnRfaWQiOiJzYWJlciIsInJvbGVfbmFtZSI6ImFkbWluIiwicG9zdF9pZCI6IjE0ODEyMDc0NTI2NzU5NDQ0NDkiLCJ1c2VyX2lkIjoiMTQ3MzQ4MjMxOTgxNzk2OTY2NSIsInJvbGVfaWQiOiIxNDczNDgyMzEwNTQwNjU2NjQxIiwicG9zdF9uYW1lIjoiY2VvIiwic2NvcGUiOlsiYWxsIl0sIm5pY2tfbmFtZSI6ImFkbWluIiwib2F1dGhfaWQiOiIiLCJkZXRhaWwiOnsidHlwZSI6IndlYiJ9LCJleHAiOjE2ODk2ODAxMzEsImRlcHRfaWQiOiIxNDczNDgyMzE0MzcwMDU2MTk0IiwicG93ZXJlZCBieSBsZCI6InBvd2VyZWQgYnkgYmxhZGV4IiwianRpIjoiNjY4NDAwOGEtYWUwMi00YzQ0LWE2OWItY2FiYzdkZjY3ZWUzIiwiYWNjb3VudCI6ImFkbWluIn0.u01NTOYLZSSCyoUsKowvKEWyTW_1qDeBXqdszhQkbxw', 'Cookie': 'saber-refresh-token=eyJhbGciOiJIUzI1NiIsInR5cCI6IkpXVCJ9.eyJ0ZW5hbnRfaWQiOiI2ODMyNTIiLCJ0ZW5hbnRfbmFtZSI6Iua8lOekuuenn-aItyjmlbDmja7lvILluLjmmoLlgZzkvb_nlKgpIiwidXNlcl9uYW1lIjoiYWRtaW4iLCJkZXB0X25hbWUiOiLmvJTnpLrnp5_miLciLCJyZWFsX25hbWUiOiJhZG1pbiIsImF2YXRhciI6InVwbG9hZC8yMDIyMDExMi8zZTg3ZDI2YzZhMzUxOWM5YmM5N2YwM2I2Y2E0N2E3OS5wbmciLCJhdXRob3JpdGllcyI6WyJhZG1pbiJdLCJjbGllbnRfaWQiOiJzYWJlciIsInJvbGVfbmFtZSI6ImFkbWluIiwicG9zdF9pZCI6IjE0ODEyMDc0NTI2NzU5NDQ0NDkiLCJ1c2VyX2lkIjoiMTQ3MzQ4MjMxOTgxNzk2OTY2NSIsInJvbGVfaWQiOiIxNDczNDgyMzEwNTQwNjU2NjQxIiwicG9zdF9uYW1lIjoiY2VvIiwic2NvcGUiOlsiYWxsIl0sIm5pY2tfbmFtZSI6ImFkbWluIiwiYXRpIjoiNjY4NDAwOGEtYWUwMi00YzQ0LWE2OWItY2FiYzdkZjY3ZWUzIiwib2F1dGhfaWQiOiIiLCJkZXRhaWwiOnsidHlwZSI6IndlYiJ9LCJleHAiOjE2OTAyODEzMzEsImRlcHRfaWQiOiIxNDczNDgyMzE0MzcwMDU2MTk0IiwicG93ZXJlZCBieSBsZCI6InBvd2VyZWQgYnkgYmxhZGV4IiwianRpIjoiZTg1NDE0NGQtZTY5Zi00MGY3LWJjM2MtNTZjOTU1ZjEzNDFiIiwiYWNjb3VudCI6ImFkbWluIn0.J8qEnQvTnFrl-WQrJRmIuOq468SeHwenrHrph6J-U20', 'dept_id': '1473482314370056194', 'Tenant-Id': '683252'}
2023-08-21 00:02:12,199 - testcase_info - testcase_parameter.py  - [line:75] - INFO: 参数媒体类型：application/json
2023-08-21 00:02:12,199 - testcase_info - testcase_parameter.py  - [line:76] - INFO: 上传文件：{'图片1': 'C:\\Users\\asus\\Desktop\\1.jpg', '图片2': 'C:\\Users\\asus\\Desktop\\2.jpg'}
2023-08-21 00:02:12,200 - testcase_info - testcase_parameter.py  - [line:77] - INFO: cookies：False
2023-08-21 00:02:12,200 - testcase_info - testcase_parameter.py  - [line:78] - INFO: 超时时长：10
2023-08-21 00:02:12,200 - testcase_info - testcase_parameter.py  - [line:79] - INFO: 待核验信息：{'check_mode': 'check_code', 'expected_code': 206, 'expected_desc': {'$..msg': '请求未授权'}, 'expected_format': {'code': 101058, 'success': False, 'data': {}}}
2023-08-21 00:02:12,271 - api_method - api_method.py  - [line:31] - INFO: POST请求方法1: POST--application/json,请求响应信息：{'msg': '请求未授权', 'code': 401, 'data': None}
2023-08-21 00:02:13,291 - testcase_info - testcase_parameter.py  - [line:122] - INFO: 
请求响应信息： [401, '{"msg":"请求未授权","code":401,"data":null}']
2023-08-21 00:02:13,292 - check_result - check_result.py  - [line:55] - ERROR: 
预期响应码:206 
实际响应码:401 
错误信息:Traceback (most recent call last):
  File "D:\Pytest_API\comm\check_result.py", line 53, in test_check_result
    assert str(expected_code) == str(actual_code)
AssertionError

2023-08-21 00:02:13,306 - testcase_info - testcase_parameter.py  - [line:63] - INFO: ********************************************************************************************************************************************************************************************************
2023-08-21 00:02:13,306 - testcase_info - testcase_parameter.py  - [line:64] - INFO: 用例id：4
2023-08-21 00:02:13,306 - testcase_info - testcase_parameter.py  - [line:65] - INFO: 接口名称：车型信息
2023-08-21 00:02:13,306 - testcase_info - testcase_parameter.py  - [line:66] - INFO: 用例名称：新增车型信息
2023-08-21 00:02:13,306 - testcase_info - testcase_parameter.py  - [line:67] - INFO: 前置用例：1
2023-08-21 00:02:13,306 - testcase_info - testcase_parameter.py  - [line:68] - INFO: 前置用例响应数据：detail.type
2023-08-21 00:02:13,306 - testcase_info - testcase_parameter.py  - [line:69] - INFO: 数据依赖字段：deptSeriesId
2023-08-21 00:02:13,306 - testcase_info - testcase_parameter.py  - [line:70] - INFO: api_url：api/ld-erps/deptcartype/submit
2023-08-21 00:02:13,306 - testcase_info - testcase_parameter.py  - [line:71] - INFO: 请求地址：http://lduat.xsdmt.com.cn/api/ld-erps/deptcartype/submit
2023-08-21 00:02:13,306 - testcase_info - testcase_parameter.py  - [line:72] - INFO: 请求方式：post
2023-08-21 00:02:13,306 - testcase_info - testcase_parameter.py  - [line:73] - INFO: 请求数据：{'brandName': '1500010931297513473', 'deptBrandId': '1500010931297513473', 'deptFirmId': '1500010984066052098', 'deptSeriesId': '1500011053616001025', 'typeName': 'a1', 'typeCode': 'a23', 'ageStyleType': 1, 'ageStyleTypeName': '1', 'gearBoxType': 1, 'gearBoxTypeName': '1', 'engineCapacity': 'a4', 'emissionStandard': 1, 'emissionStandardName': '1', 'versionNo': 'a5', 'powerType': 1, 'powerTypeName': '1', 'guidePrice': '6', 'costPrice': '7', 'referenceRebate': '7', 'status': 1, 'furl': '', 'imgsUrl': 'upload/20230718/b817487e07842052d575d9d2935a29fd.jpg', 'remark': '<p>豪车</p>', 'appliedScope': '1,2'}
2023-08-21 00:02:13,306 - testcase_info - testcase_parameter.py  - [line:74] - INFO: 请求头信息：{'Content-Type': 'application/json;charset=UTF-8', 'Authorization': 'Basic c2FiZXI6bGRAMTIzNDU2', 'Blade-Auth': 'bearer eyJhbGciOiJIUzI1NiIsInR5cCI6IkpXVCJ9.eyJ0ZW5hbnRfaWQiOiI2ODMyNTIiLCJ0ZW5hbnRfbmFtZSI6Iua8lOekuuenn-aItyjmlbDmja7lvILluLjmmoLlgZzkvb_nlKgpIiwidXNlcl9uYW1lIjoiYWRtaW4iLCJkZXB0X25hbWUiOiLmvJTnpLrnp5_miLciLCJyZWFsX25hbWUiOiJhZG1pbiIsImF2YXRhciI6InVwbG9hZC8yMDIyMDExMi8zZTg3ZDI2YzZhMzUxOWM5YmM5N2YwM2I2Y2E0N2E3OS5wbmciLCJhdXRob3JpdGllcyI6WyJhZG1pbiJdLCJjbGllbnRfaWQiOiJzYWJlciIsInJvbGVfbmFtZSI6ImFkbWluIiwicG9zdF9pZCI6IjE0ODEyMDc0NTI2NzU5NDQ0NDkiLCJ1c2VyX2lkIjoiMTQ3MzQ4MjMxOTgxNzk2OTY2NSIsInJvbGVfaWQiOiIxNDczNDgyMzEwNTQwNjU2NjQxIiwicG9zdF9uYW1lIjoiY2VvIiwic2NvcGUiOlsiYWxsIl0sIm5pY2tfbmFtZSI6ImFkbWluIiwib2F1dGhfaWQiOiIiLCJkZXRhaWwiOnsidHlwZSI6IndlYiJ9LCJleHAiOjE2ODk2ODAxMzEsImRlcHRfaWQiOiIxNDczNDgyMzE0MzcwMDU2MTk0IiwicG93ZXJlZCBieSBsZCI6InBvd2VyZWQgYnkgYmxhZGV4IiwianRpIjoiNjY4NDAwOGEtYWUwMi00YzQ0LWE2OWItY2FiYzdkZjY3ZWUzIiwiYWNjb3VudCI6ImFkbWluIn0.u01NTOYLZSSCyoUsKowvKEWyTW_1qDeBXqdszhQkbxw', 'Cookie': 'saber-refresh-token=eyJhbGciOiJIUzI1NiIsInR5cCI6IkpXVCJ9.eyJ0ZW5hbnRfaWQiOiI2ODMyNTIiLCJ0ZW5hbnRfbmFtZSI6Iua8lOekuuenn-aItyjmlbDmja7lvILluLjmmoLlgZzkvb_nlKgpIiwidXNlcl9uYW1lIjoiYWRtaW4iLCJkZXB0X25hbWUiOiLmvJTnpLrnp5_miLciLCJyZWFsX25hbWUiOiJhZG1pbiIsImF2YXRhciI6InVwbG9hZC8yMDIyMDExMi8zZTg3ZDI2YzZhMzUxOWM5YmM5N2YwM2I2Y2E0N2E3OS5wbmciLCJhdXRob3JpdGllcyI6WyJhZG1pbiJdLCJjbGllbnRfaWQiOiJzYWJlciIsInJvbGVfbmFtZSI6ImFkbWluIiwicG9zdF9pZCI6IjE0ODEyMDc0NTI2NzU5NDQ0NDkiLCJ1c2VyX2lkIjoiMTQ3MzQ4MjMxOTgxNzk2OTY2NSIsInJvbGVfaWQiOiIxNDczNDgyMzEwNTQwNjU2NjQxIiwicG9zdF9uYW1lIjoiY2VvIiwic2NvcGUiOlsiYWxsIl0sIm5pY2tfbmFtZSI6ImFkbWluIiwiYXRpIjoiNjY4NDAwOGEtYWUwMi00YzQ0LWE2OWItY2FiYzdkZjY3ZWUzIiwib2F1dGhfaWQiOiIiLCJkZXRhaWwiOnsidHlwZSI6IndlYiJ9LCJleHAiOjE2OTAyODEzMzEsImRlcHRfaWQiOiIxNDczNDgyMzE0MzcwMDU2MTk0IiwicG93ZXJlZCBieSBsZCI6InBvd2VyZWQgYnkgYmxhZGV4IiwianRpIjoiZTg1NDE0NGQtZTY5Zi00MGY3LWJjM2MtNTZjOTU1ZjEzNDFiIiwiYWNjb3VudCI6ImFkbWluIn0.J8qEnQvTnFrl-WQrJRmIuOq468SeHwenrHrph6J-U20', 'dept_id': '1473482314370056194', 'Tenant-Id': '683252'}
2023-08-21 00:02:13,309 - testcase_info - testcase_parameter.py  - [line:75] - INFO: 参数媒体类型：application/json
2023-08-21 00:02:13,309 - testcase_info - testcase_parameter.py  - [line:76] - INFO: 上传文件：None
2023-08-21 00:02:13,309 - testcase_info - testcase_parameter.py  - [line:77] - INFO: cookies：False
2023-08-21 00:02:13,309 - testcase_info - testcase_parameter.py  - [line:78] - INFO: 超时时长：10
2023-08-21 00:02:13,309 - testcase_info - testcase_parameter.py  - [line:79] - INFO: 待核验信息：{'check_mode': 'check_code', 'expected_code': 401, 'expected_desc': {'$..msg': '门店车型代码重复！'}, 'expected_format': {'code': 101058, 'success': False, 'data': {}, 'msg': '门店车型代码重复！'}}
2023-08-21 00:02:13,333 - dependent_data - dependent_data.py  - [line:25] - INFO: case_id:4，匹配到的case数据为:{'case_id': 4, 'api_name': '车型信息', 'case_name': '新增车型信息', 'is_run': True, 'level': 'trivial', 'premise_caseid': 1, 'premise_key': 'detail.type', 'relevance_field': 'deptSeriesId', 'url': 'api/ld-erps/deptcartype/submit', 'method': 'post', 'data': {'brandName': '1500010931297513473', 'deptBrandId': '1500010931297513473', 'deptFirmId': '1500010984066052098', 'deptSeriesId': '1500011053616001025', 'typeName': 'a1', 'typeCode': 'a23', 'ageStyleType': 1, 'ageStyleTypeName': '1', 'gearBoxType': 1, 'gearBoxTypeName': '1', 'engineCapacity': 'a4', 'emissionStandard': 1, 'emissionStandardName': '1', 'versionNo': 'a5', 'powerType': 1, 'powerTypeName': '1', 'guidePrice': '6', 'costPrice': '7', 'referenceRebate': '7', 'status': 1, 'furl': '', 'imgsUrl': 'upload/20230718/b817487e07842052d575d9d2935a29fd.jpg', 'remark': '<p>豪车</p>', 'appliedScope': '1,2'}, 'headers': {'Content-Type': 'application/json;charset=UTF-8', 'Authorization': 'Basic c2FiZXI6bGRAMTIzNDU2', 'Blade-Auth': 'bearer eyJhbGciOiJIUzI1NiIsInR5cCI6IkpXVCJ9.eyJ0ZW5hbnRfaWQiOiI2ODMyNTIiLCJ0ZW5hbnRfbmFtZSI6Iua8lOekuuenn-aItyjmlbDmja7lvILluLjmmoLlgZzkvb_nlKgpIiwidXNlcl9uYW1lIjoiYWRtaW4iLCJkZXB0X25hbWUiOiLmvJTnpLrnp5_miLciLCJyZWFsX25hbWUiOiJhZG1pbiIsImF2YXRhciI6InVwbG9hZC8yMDIyMDExMi8zZTg3ZDI2YzZhMzUxOWM5YmM5N2YwM2I2Y2E0N2E3OS5wbmciLCJhdXRob3JpdGllcyI6WyJhZG1pbiJdLCJjbGllbnRfaWQiOiJzYWJlciIsInJvbGVfbmFtZSI6ImFkbWluIiwicG9zdF9pZCI6IjE0ODEyMDc0NTI2NzU5NDQ0NDkiLCJ1c2VyX2lkIjoiMTQ3MzQ4MjMxOTgxNzk2OTY2NSIsInJvbGVfaWQiOiIxNDczNDgyMzEwNTQwNjU2NjQxIiwicG9zdF9uYW1lIjoiY2VvIiwic2NvcGUiOlsiYWxsIl0sIm5pY2tfbmFtZSI6ImFkbWluIiwib2F1dGhfaWQiOiIiLCJkZXRhaWwiOnsidHlwZSI6IndlYiJ9LCJleHAiOjE2ODk2ODAxMzEsImRlcHRfaWQiOiIxNDczNDgyMzE0MzcwMDU2MTk0IiwicG93ZXJlZCBieSBsZCI6InBvd2VyZWQgYnkgYmxhZGV4IiwianRpIjoiNjY4NDAwOGEtYWUwMi00YzQ0LWE2OWItY2FiYzdkZjY3ZWUzIiwiYWNjb3VudCI6ImFkbWluIn0.u01NTOYLZSSCyoUsKowvKEWyTW_1qDeBXqdszhQkbxw', 'Cookie': 'saber-refresh-token=eyJhbGciOiJIUzI1NiIsInR5cCI6IkpXVCJ9.eyJ0ZW5hbnRfaWQiOiI2ODMyNTIiLCJ0ZW5hbnRfbmFtZSI6Iua8lOekuuenn-aItyjmlbDmja7lvILluLjmmoLlgZzkvb_nlKgpIiwidXNlcl9uYW1lIjoiYWRtaW4iLCJkZXB0X25hbWUiOiLmvJTnpLrnp5_miLciLCJyZWFsX25hbWUiOiJhZG1pbiIsImF2YXRhciI6InVwbG9hZC8yMDIyMDExMi8zZTg3ZDI2YzZhMzUxOWM5YmM5N2YwM2I2Y2E0N2E3OS5wbmciLCJhdXRob3JpdGllcyI6WyJhZG1pbiJdLCJjbGllbnRfaWQiOiJzYWJlciIsInJvbGVfbmFtZSI6ImFkbWluIiwicG9zdF9pZCI6IjE0ODEyMDc0NTI2NzU5NDQ0NDkiLCJ1c2VyX2lkIjoiMTQ3MzQ4MjMxOTgxNzk2OTY2NSIsInJvbGVfaWQiOiIxNDczNDgyMzEwNTQwNjU2NjQxIiwicG9zdF9uYW1lIjoiY2VvIiwic2NvcGUiOlsiYWxsIl0sIm5pY2tfbmFtZSI6ImFkbWluIiwiYXRpIjoiNjY4NDAwOGEtYWUwMi00YzQ0LWE2OWItY2FiYzdkZjY3ZWUzIiwib2F1dGhfaWQiOiIiLCJkZXRhaWwiOnsidHlwZSI6IndlYiJ9LCJleHAiOjE2OTAyODEzMzEsImRlcHRfaWQiOiIxNDczNDgyMzE0MzcwMDU2MTk0IiwicG93ZXJlZCBieSBsZCI6InBvd2VyZWQgYnkgYmxhZGV4IiwianRpIjoiZTg1NDE0NGQtZTY5Zi00MGY3LWJjM2MtNTZjOTU1ZjEzNDFiIiwiYWNjb3VudCI6ImFkbWluIn0.J8qEnQvTnFrl-WQrJRmIuOq468SeHwenrHrph6J-U20', 'dept_id': '1473482314370056194', 'Tenant-Id': '683252'}, 'mime_type': 'application/json', 'files': None, 'cookies': False, 'timeout': 10, 'validate': {'check_mode': 'check_code', 'expected_code': 401, 'expected_desc': {'$..msg': '门店车型代码重复！'}, 'expected_format': {'code': 101058, 'success': False, 'data': {}, 'msg': '门店车型代码重复！'}}}
2023-08-21 00:02:13,333 - dependent_data - dependent_data.py  - [line:91] - INFO: case_id:4,用例信息:{'case_id': 4, 'api_name': '车型信息', 'case_name': '新增车型信息', 'is_run': True, 'level': 'trivial', 'premise_caseid': 1, 'premise_key': 'detail.type', 'relevance_field': 'deptSeriesId', 'url': 'api/ld-erps/deptcartype/submit', 'method': 'post', 'data': {'brandName': '1500010931297513473', 'deptBrandId': '1500010931297513473', 'deptFirmId': '1500010984066052098', 'deptSeriesId': '1500011053616001025', 'typeName': 'a1', 'typeCode': 'a23', 'ageStyleType': 1, 'ageStyleTypeName': '1', 'gearBoxType': 1, 'gearBoxTypeName': '1', 'engineCapacity': 'a4', 'emissionStandard': 1, 'emissionStandardName': '1', 'versionNo': 'a5', 'powerType': 1, 'powerTypeName': '1', 'guidePrice': '6', 'costPrice': '7', 'referenceRebate': '7', 'status': 1, 'furl': '', 'imgsUrl': 'upload/20230718/b817487e07842052d575d9d2935a29fd.jpg', 'remark': '<p>豪车</p>', 'appliedScope': '1,2'}, 'headers': {'Content-Type': 'application/json;charset=UTF-8', 'Authorization': 'Basic c2FiZXI6bGRAMTIzNDU2', 'Blade-Auth': 'bearer eyJhbGciOiJIUzI1NiIsInR5cCI6IkpXVCJ9.eyJ0ZW5hbnRfaWQiOiI2ODMyNTIiLCJ0ZW5hbnRfbmFtZSI6Iua8lOekuuenn-aItyjmlbDmja7lvILluLjmmoLlgZzkvb_nlKgpIiwidXNlcl9uYW1lIjoiYWRtaW4iLCJkZXB0X25hbWUiOiLmvJTnpLrnp5_miLciLCJyZWFsX25hbWUiOiJhZG1pbiIsImF2YXRhciI6InVwbG9hZC8yMDIyMDExMi8zZTg3ZDI2YzZhMzUxOWM5YmM5N2YwM2I2Y2E0N2E3OS5wbmciLCJhdXRob3JpdGllcyI6WyJhZG1pbiJdLCJjbGllbnRfaWQiOiJzYWJlciIsInJvbGVfbmFtZSI6ImFkbWluIiwicG9zdF9pZCI6IjE0ODEyMDc0NTI2NzU5NDQ0NDkiLCJ1c2VyX2lkIjoiMTQ3MzQ4MjMxOTgxNzk2OTY2NSIsInJvbGVfaWQiOiIxNDczNDgyMzEwNTQwNjU2NjQxIiwicG9zdF9uYW1lIjoiY2VvIiwic2NvcGUiOlsiYWxsIl0sIm5pY2tfbmFtZSI6ImFkbWluIiwib2F1dGhfaWQiOiIiLCJkZXRhaWwiOnsidHlwZSI6IndlYiJ9LCJleHAiOjE2ODk2ODAxMzEsImRlcHRfaWQiOiIxNDczNDgyMzE0MzcwMDU2MTk0IiwicG93ZXJlZCBieSBsZCI6InBvd2VyZWQgYnkgYmxhZGV4IiwianRpIjoiNjY4NDAwOGEtYWUwMi00YzQ0LWE2OWItY2FiYzdkZjY3ZWUzIiwiYWNjb3VudCI6ImFkbWluIn0.u01NTOYLZSSCyoUsKowvKEWyTW_1qDeBXqdszhQkbxw', 'Cookie': 'saber-refresh-token=eyJhbGciOiJIUzI1NiIsInR5cCI6IkpXVCJ9.eyJ0ZW5hbnRfaWQiOiI2ODMyNTIiLCJ0ZW5hbnRfbmFtZSI6Iua8lOekuuenn-aItyjmlbDmja7lvILluLjmmoLlgZzkvb_nlKgpIiwidXNlcl9uYW1lIjoiYWRtaW4iLCJkZXB0X25hbWUiOiLmvJTnpLrnp5_miLciLCJyZWFsX25hbWUiOiJhZG1pbiIsImF2YXRhciI6InVwbG9hZC8yMDIyMDExMi8zZTg3ZDI2YzZhMzUxOWM5YmM5N2YwM2I2Y2E0N2E3OS5wbmciLCJhdXRob3JpdGllcyI6WyJhZG1pbiJdLCJjbGllbnRfaWQiOiJzYWJlciIsInJvbGVfbmFtZSI6ImFkbWluIiwicG9zdF9pZCI6IjE0ODEyMDc0NTI2NzU5NDQ0NDkiLCJ1c2VyX2lkIjoiMTQ3MzQ4MjMxOTgxNzk2OTY2NSIsInJvbGVfaWQiOiIxNDczNDgyMzEwNTQwNjU2NjQxIiwicG9zdF9uYW1lIjoiY2VvIiwic2NvcGUiOlsiYWxsIl0sIm5pY2tfbmFtZSI6ImFkbWluIiwiYXRpIjoiNjY4NDAwOGEtYWUwMi00YzQ0LWE2OWItY2FiYzdkZjY3ZWUzIiwib2F1dGhfaWQiOiIiLCJkZXRhaWwiOnsidHlwZSI6IndlYiJ9LCJleHAiOjE2OTAyODEzMzEsImRlcHRfaWQiOiIxNDczNDgyMzE0MzcwMDU2MTk0IiwicG93ZXJlZCBieSBsZCI6InBvd2VyZWQgYnkgYmxhZGV4IiwianRpIjoiZTg1NDE0NGQtZTY5Zi00MGY3LWJjM2MtNTZjOTU1ZjEzNDFiIiwiYWNjb3VudCI6ImFkbWluIn0.J8qEnQvTnFrl-WQrJRmIuOq468SeHwenrHrph6J-U20', 'dept_id': '1473482314370056194', 'Tenant-Id': '683252'}, 'mime_type': 'application/json', 'files': None, 'cookies': False, 'timeout': 10, 'validate': {'check_mode': 'check_code', 'expected_code': 401, 'expected_desc': {'$..msg': '门店车型代码重复！'}, 'expected_format': {'code': 101058, 'success': False, 'data': {}, 'msg': '门店车型代码重复！'}}}
2023-08-21 00:02:13,338 - dependent_data - dependent_data.py  - [line:96] - INFO: 第一层，if路径,case_id:4,前置用例case_id:1
2023-08-21 00:02:13,360 - dependent_data - dependent_data.py  - [line:25] - INFO: case_id:1，匹配到的case数据为:{'case_id': 1, 'api_name': '登录', 'case_name': '登录成功', 'is_run': True, 'level': 'blocker', 'premise_caseid': None, 'premise_key': 'msg', 'relevance_field': '测试', 'url': 'api/blade-auth/oauth/token?', 'method': 'post', 'data': {'tenantId': '683252', 'username': 'admin', 'password': '670b14728ad9902aecba32e22fa4f6bd', 'grant_type': 'password', 'scope': 'all', 'type': 'account'}, 'headers': {'Authorization': 'Basic c2FiZXI6bGRAMTIzNDU2', 'Tenant-Id': '683252'}, 'mime_type': 'application/x-www-form-urlencoded', 'files': {'图片1': 'C:\\Users\\asus\\Desktop\\1.jpg', '图片2': 'C:\\Users\\asus\\Desktop\\2.jpg'}, 'cookies': False, 'timeout': 10, 'validate': {'check_mode': 'check_code', 'expected_code': 400, 'expected_desc': {'$..msg': '门店车型代码重复！'}, 'expected_format': {'code': 101058, 'success': False, 'data': {}}}}
2023-08-21 00:02:13,360 - dependent_data - dependent_data.py  - [line:99] - INFO: 前置用例case_id:1,用例信息:{'case_id': 1, 'api_name': '登录', 'case_name': '登录成功', 'is_run': True, 'level': 'blocker', 'premise_caseid': None, 'premise_key': 'msg', 'relevance_field': '测试', 'url': 'api/blade-auth/oauth/token?', 'method': 'post', 'data': {'tenantId': '683252', 'username': 'admin', 'password': '670b14728ad9902aecba32e22fa4f6bd', 'grant_type': 'password', 'scope': 'all', 'type': 'account'}, 'headers': {'Authorization': 'Basic c2FiZXI6bGRAMTIzNDU2', 'Tenant-Id': '683252'}, 'mime_type': 'application/x-www-form-urlencoded', 'files': {'图片1': 'C:\\Users\\asus\\Desktop\\1.jpg', '图片2': 'C:\\Users\\asus\\Desktop\\2.jpg'}, 'cookies': False, 'timeout': 10, 'validate': {'check_mode': 'check_code', 'expected_code': 400, 'expected_desc': {'$..msg': '门店车型代码重复！'}, 'expected_format': {'code': 101058, 'success': False, 'data': {}}}}
2023-08-21 00:02:13,360 - dependent_data - dependent_data.py  - [line:153] - INFO: 第二层，else路径,case_id:1,前置用例case_id:None
2023-08-21 00:02:13,360 - dependent_data - dependent_data.py  - [line:34] - INFO: 发送请求前，先获取用例case_id:1的case数据
2023-08-21 00:02:13,382 - dependent_data - dependent_data.py  - [line:25] - INFO: case_id:1，匹配到的case数据为:{'case_id': 1, 'api_name': '登录', 'case_name': '登录成功', 'is_run': True, 'level': 'blocker', 'premise_caseid': None, 'premise_key': 'msg', 'relevance_field': '测试', 'url': 'api/blade-auth/oauth/token?', 'method': 'post', 'data': {'tenantId': '683252', 'username': 'admin', 'password': '670b14728ad9902aecba32e22fa4f6bd', 'grant_type': 'password', 'scope': 'all', 'type': 'account'}, 'headers': {'Authorization': 'Basic c2FiZXI6bGRAMTIzNDU2', 'Tenant-Id': '683252'}, 'mime_type': 'application/x-www-form-urlencoded', 'files': {'图片1': 'C:\\Users\\asus\\Desktop\\1.jpg', '图片2': 'C:\\Users\\asus\\Desktop\\2.jpg'}, 'cookies': False, 'timeout': 10, 'validate': {'check_mode': 'check_code', 'expected_code': 400, 'expected_desc': {'$..msg': '门店车型代码重复！'}, 'expected_format': {'code': 101058, 'success': False, 'data': {}}}}
2023-08-21 00:02:13,555 - api_method - api_method.py  - [line:35] - INFO: POST请求方法2: POST--www-form-urlencoded,请求响应信息：{'error': 'invalid_grant', 'error_description': 'Bad credentials'}
2023-08-21 00:02:14,556 - dependent_data - dependent_data.py  - [line:62] - INFO: case_id: 1 ,请求响应信息:[400, '{"error":"invalid_grant","error_description":"Bad credentials"}']
2023-08-21 00:02:14,556 - dependent_data - dependent_data.py  - [line:156] - INFO: 第二层，else路径，请求响应信息:[400, '{"error":"invalid_grant","error_description":"Bad credentials"}']
2023-08-21 00:02:14,560 - testcase_info - testcase_parameter.py  - [line:104] - INFO: 用例参数化--附带前置用例,请求响应信息:[400, '{"error":"invalid_grant","error_description":"Bad credentials"}']
2023-08-21 00:02:14,562 - check_result - check_result.py  - [line:55] - ERROR: 
预期响应码:401 
实际响应码:400 
错误信息:Traceback (most recent call last):
  File "D:\Pytest_API\comm\check_result.py", line 53, in test_check_result
    assert str(expected_code) == str(actual_code)
AssertionError

2023-08-21 00:02:14,575 - testcase_info - testcase_parameter.py  - [line:63] - INFO: ********************************************************************************************************************************************************************************************************
2023-08-21 00:02:14,575 - testcase_info - testcase_parameter.py  - [line:64] - INFO: 用例id：1
2023-08-21 00:02:14,575 - testcase_info - testcase_parameter.py  - [line:65] - INFO: 接口名称：登录
2023-08-21 00:02:14,575 - testcase_info - testcase_parameter.py  - [line:66] - INFO: 用例名称：登录成功
2023-08-21 00:02:14,575 - testcase_info - testcase_parameter.py  - [line:67] - INFO: 前置用例：None
2023-08-21 00:02:14,575 - testcase_info - testcase_parameter.py  - [line:68] - INFO: 前置用例响应数据：msg
2023-08-21 00:02:14,575 - testcase_info - testcase_parameter.py  - [line:69] - INFO: 数据依赖字段：测试
2023-08-21 00:02:14,575 - testcase_info - testcase_parameter.py  - [line:70] - INFO: api_url：api/blade-auth/oauth/token?
2023-08-21 00:02:14,575 - testcase_info - testcase_parameter.py  - [line:71] - INFO: 请求地址：http://lduat.xsdmt.com.cn/api/blade-auth/oauth/token?
2023-08-21 00:02:14,575 - testcase_info - testcase_parameter.py  - [line:72] - INFO: 请求方式：post
2023-08-21 00:02:14,575 - testcase_info - testcase_parameter.py  - [line:73] - INFO: 请求数据：{'tenantId': '683252', 'username': 'admin', 'password': '670b14728ad9902aecba32e22fa4f6bd', 'grant_type': 'password', 'scope': 'all', 'type': 'account'}
2023-08-21 00:02:14,575 - testcase_info - testcase_parameter.py  - [line:74] - INFO: 请求头信息：{'Authorization': 'Basic c2FiZXI6bGRAMTIzNDU2', 'Tenant-Id': '683252'}
2023-08-21 00:02:14,575 - testcase_info - testcase_parameter.py  - [line:75] - INFO: 参数媒体类型：application/x-www-form-urlencoded
2023-08-21 00:02:14,575 - testcase_info - testcase_parameter.py  - [line:76] - INFO: 上传文件：{'图片1': 'C:\\Users\\asus\\Desktop\\1.jpg', '图片2': 'C:\\Users\\asus\\Desktop\\2.jpg'}
2023-08-21 00:02:14,575 - testcase_info - testcase_parameter.py  - [line:77] - INFO: cookies：False
2023-08-21 00:02:14,576 - testcase_info - testcase_parameter.py  - [line:78] - INFO: 超时时长：10
2023-08-21 00:02:14,576 - testcase_info - testcase_parameter.py  - [line:79] - INFO: 待核验信息：{'check_mode': 'check_code', 'expected_code': 400, 'expected_desc': {'$..msg': '门店车型代码重复！'}, 'expected_format': {'code': 101058, 'success': False, 'data': {}}}
2023-08-21 00:02:14,662 - api_method - api_method.py  - [line:35] - INFO: POST请求方法2: POST--www-form-urlencoded,请求响应信息：{'error': 'invalid_grant', 'error_description': 'Bad credentials'}
2023-08-21 00:02:15,683 - testcase_info - testcase_parameter.py  - [line:122] - INFO: 
请求响应信息： [400, '{"error":"invalid_grant","error_description":"Bad credentials"}']
2023-08-21 00:02:15,686 - check_result - check_result.py  - [line:58] - INFO: 
待核验信息：{'check_mode': 'check_code', 'expected_code': 400, 'expected_desc': {'$..msg': '门店车型代码重复！'}, 'expected_format': {'code': 101058, 'success': False, 'data': {}}} 
请求响应信息：[400, '{"error":"invalid_grant","error_description":"Bad credentials"}'] 
预期响应码：400 
实际响应码：400
2023-08-21 00:02:15,695 - testcase_info - testcase_parameter.py  - [line:63] - INFO: ********************************************************************************************************************************************************************************************************
2023-08-21 00:02:15,695 - testcase_info - testcase_parameter.py  - [line:64] - INFO: 用例id：3
2023-08-21 00:02:15,695 - testcase_info - testcase_parameter.py  - [line:65] - INFO: 接口名称：金融机构逻辑删除
2023-08-21 00:02:15,695 - testcase_info - testcase_parameter.py  - [line:66] - INFO: 用例名称：删除金融机构
2023-08-21 00:02:15,695 - testcase_info - testcase_parameter.py  - [line:67] - INFO: 前置用例：None
2023-08-21 00:02:15,695 - testcase_info - testcase_parameter.py  - [line:68] - INFO: 前置用例响应数据：error
2023-08-21 00:02:15,695 - testcase_info - testcase_parameter.py  - [line:69] - INFO: 数据依赖字段：ids
2023-08-21 00:02:15,695 - testcase_info - testcase_parameter.py  - [line:70] - INFO: api_url：api/ld-erps/finance/remove
2023-08-21 00:02:15,695 - testcase_info - testcase_parameter.py  - [line:71] - INFO: 请求地址：http://lduat.xsdmt.com.cn/api/ld-erps/finance/remove
2023-08-21 00:02:15,696 - testcase_info - testcase_parameter.py  - [line:72] - INFO: 请求方式：post
2023-08-21 00:02:15,696 - testcase_info - testcase_parameter.py  - [line:73] - INFO: 请求数据：{'ids': '1455772183081054209'}
2023-08-21 00:02:15,696 - testcase_info - testcase_parameter.py  - [line:74] - INFO: 请求头信息：{'Content-Type': 'application/x-www-form-urlencoded', 'Authorization': 'Basic c2FiZXI6bGRAMTIzNDU2', 'Blade-Auth': 'bearer eyJhbGciOiJIUzI1NiIsInR5cCI6IkpXVCJ9.eyJ0ZW5hbnRfaWQiOiI2ODMyNTIiLCJ0ZW5hbnRfbmFtZSI6Iua8lOekuuenn-aItyjmlbDmja7lvILluLjmmoLlgZzkvb_nlKgpIiwidXNlcl9uYW1lIjoiYWRtaW4iLCJkZXB0X25hbWUiOiLmvJTnpLrnp5_miLciLCJyZWFsX25hbWUiOiJhZG1pbiIsImF2YXRhciI6InVwbG9hZC8yMDIyMDExMi8zZTg3ZDI2YzZhMzUxOWM5YmM5N2YwM2I2Y2E0N2E3OS5wbmciLCJhdXRob3JpdGllcyI6WyJhZG1pbiJdLCJjbGllbnRfaWQiOiJzYWJlciIsInJvbGVfbmFtZSI6ImFkbWluIiwicG9zdF9pZCI6IjE0ODEyMDc0NTI2NzU5NDQ0NDkiLCJ1c2VyX2lkIjoiMTQ3MzQ4MjMxOTgxNzk2OTY2NSIsInJvbGVfaWQiOiIxNDczNDgyMzEwNTQwNjU2NjQxIiwicG9zdF9uYW1lIjoiY2VvIiwic2NvcGUiOlsiYWxsIl0sIm5pY2tfbmFtZSI6ImFkbWluIiwib2F1dGhfaWQiOiIiLCJkZXRhaWwiOnsidHlwZSI6IndlYiJ9LCJleHAiOjE2ODk2ODAxMzEsImRlcHRfaWQiOiIxNDczNDgyMzE0MzcwMDU2MTk0IiwicG93ZXJlZCBieSBsZCI6InBvd2VyZWQgYnkgYmxhZGV4IiwianRpIjoiNjY4NDAwOGEtYWUwMi00YzQ0LWE2OWItY2FiYzdkZjY3ZWUzIiwiYWNjb3VudCI6ImFkbWluIn0.u01NTOYLZSSCyoUsKowvKEWyTW_1qDeBXqdszhQkbxw', 'Cookie': 'saber-refresh-token=eyJhbGciOiJIUzI1NiIsInR5cCI6IkpXVCJ9.eyJ0ZW5hbnRfaWQiOiI2ODMyNTIiLCJ0ZW5hbnRfbmFtZSI6Iua8lOekuuenn-aItyjmlbDmja7lvILluLjmmoLlgZzkvb_nlKgpIiwidXNlcl9uYW1lIjoiYWRtaW4iLCJkZXB0X25hbWUiOiLmvJTnpLrnp5_miLciLCJyZWFsX25hbWUiOiJhZG1pbiIsImF2YXRhciI6InVwbG9hZC8yMDIyMDExMi8zZTg3ZDI2YzZhMzUxOWM5YmM5N2YwM2I2Y2E0N2E3OS5wbmciLCJhdXRob3JpdGllcyI6WyJhZG1pbiJdLCJjbGllbnRfaWQiOiJzYWJlciIsInJvbGVfbmFtZSI6ImFkbWluIiwicG9zdF9pZCI6IjE0ODEyMDc0NTI2NzU5NDQ0NDkiLCJ1c2VyX2lkIjoiMTQ3MzQ4MjMxOTgxNzk2OTY2NSIsInJvbGVfaWQiOiIxNDczNDgyMzEwNTQwNjU2NjQxIiwicG9zdF9uYW1lIjoiY2VvIiwic2NvcGUiOlsiYWxsIl0sIm5pY2tfbmFtZSI6ImFkbWluIiwiYXRpIjoiNjY4NDAwOGEtYWUwMi00YzQ0LWE2OWItY2FiYzdkZjY3ZWUzIiwib2F1dGhfaWQiOiIiLCJkZXRhaWwiOnsidHlwZSI6IndlYiJ9LCJleHAiOjE2OTAyODEzMzEsImRlcHRfaWQiOiIxNDczNDgyMzE0MzcwMDU2MTk0IiwicG93ZXJlZCBieSBsZCI6InBvd2VyZWQgYnkgYmxhZGV4IiwianRpIjoiZTg1NDE0NGQtZTY5Zi00MGY3LWJjM2MtNTZjOTU1ZjEzNDFiIiwiYWNjb3VudCI6ImFkbWluIn0.J8qEnQvTnFrl-WQrJRmIuOq468SeHwenrHrph6J-U20', 'dept_id': '1473482314370056194', 'Tenant-Id': '683252'}
2023-08-21 00:02:15,696 - testcase_info - testcase_parameter.py  - [line:75] - INFO: 参数媒体类型：www-form-urlencoded
2023-08-21 00:02:15,696 - testcase_info - testcase_parameter.py  - [line:76] - INFO: 上传文件：None
2023-08-21 00:02:15,696 - testcase_info - testcase_parameter.py  - [line:77] - INFO: cookies：False
2023-08-21 00:02:15,696 - testcase_info - testcase_parameter.py  - [line:78] - INFO: 超时时长：10
2023-08-21 00:02:15,696 - testcase_info - testcase_parameter.py  - [line:79] - INFO: 待核验信息：{'check_mode': 'check_code', 'expected_code': 401, 'expected_desc': {'$..msg': '门店车型代码重复！'}, 'expected_format': {'code': 101058, 'success': False, 'data': {}}}
2023-08-21 00:02:15,744 - api_method - api_method.py  - [line:35] - INFO: POST请求方法2: POST--www-form-urlencoded,请求响应信息：{'msg': '请求未授权', 'code': 401, 'data': None}
2023-08-21 00:02:16,748 - testcase_info - testcase_parameter.py  - [line:122] - INFO: 
请求响应信息： [401, '{"msg":"请求未授权","code":401,"data":null}']
2023-08-21 00:02:16,749 - check_result - check_result.py  - [line:58] - INFO: 
待核验信息：{'check_mode': 'check_code', 'expected_code': 401, 'expected_desc': {'$..msg': '门店车型代码重复！'}, 'expected_format': {'code': 101058, 'success': False, 'data': {}}} 
请求响应信息：[401, '{"msg":"请求未授权","code":401,"data":null}'] 
预期响应码：401 
实际响应码：401
2023-08-21 16:28:15,738 - api_method - api_method.py  - [line:29] - INFO: POST请求方法1: POST--application/json,请求响应信息：{'error': 'invalid_request', 'error_description': 'Missing grant type'}
2023-08-21 16:42:21,710 - testcase_info - testcase_parameter.py  - [line:59] - INFO: ********************************************************************************************************************************************************************************************************
2023-08-21 16:42:21,711 - testcase_info - testcase_parameter.py  - [line:60] - INFO: 用例id：1
2023-08-21 16:42:21,711 - testcase_info - testcase_parameter.py  - [line:61] - INFO: 接口名称：登录
2023-08-21 16:42:21,711 - testcase_info - testcase_parameter.py  - [line:62] - INFO: 用例名称：登录成功
2023-08-21 16:42:21,711 - testcase_info - testcase_parameter.py  - [line:63] - INFO: 前置用例：None
2023-08-21 16:42:21,711 - testcase_info - testcase_parameter.py  - [line:64] - INFO: 前置用例响应数据：msg
2023-08-21 16:42:21,711 - testcase_info - testcase_parameter.py  - [line:65] - INFO: 数据依赖字段：测试
2023-08-21 16:42:21,711 - testcase_info - testcase_parameter.py  - [line:66] - INFO: api_url：api/blade-auth/oauth/token?
2023-08-21 16:42:21,711 - testcase_info - testcase_parameter.py  - [line:67] - INFO: 请求地址：http://lduat.xsdmt.com.cn/api/blade-auth/oauth/token?
2023-08-21 16:42:21,711 - testcase_info - testcase_parameter.py  - [line:68] - INFO: 请求方式：post
2023-08-21 16:42:21,711 - testcase_info - testcase_parameter.py  - [line:69] - INFO: 请求数据：{'tenantId': '683252', 'username': 'admin', 'password': '670b14728ad9902aecba32e22fa4f6bd', 'grant_type': 'password', 'scope': 'all', 'type': 'account'}
2023-08-21 16:42:21,712 - testcase_info - testcase_parameter.py  - [line:70] - INFO: 请求头信息：{'Authorization': 'Basic c2FiZXI6bGRAMTIzNDU2', 'Tenant-Id': '683252'}
2023-08-21 16:42:21,712 - testcase_info - testcase_parameter.py  - [line:71] - INFO: 参数媒体类型：application/x-www-form-urlencoded
2023-08-21 16:42:21,712 - testcase_info - testcase_parameter.py  - [line:72] - INFO: 上传文件：{'图片1': 'C:\\Users\\asus\\Desktop\\1.jpg', '图片2': 'C:\\Users\\asus\\Desktop\\2.jpg'}
2023-08-21 16:42:21,712 - testcase_info - testcase_parameter.py  - [line:73] - INFO: cookies：False
2023-08-21 16:42:21,712 - testcase_info - testcase_parameter.py  - [line:74] - INFO: 超时时长：10
2023-08-21 16:42:21,712 - testcase_info - testcase_parameter.py  - [line:75] - INFO: 待核验信息：{'check_mode': 'check_code', 'expected_code': 400, 'expected_desc': {'$..msg': '门店车型代码重复！'}, 'expected_format': {'code': 101058, 'success': False, 'data': {}}}
2023-08-21 16:42:21,949 - api_method - api_method.py  - [line:33] - INFO: POST请求方法2: POST--www-form-urlencoded,请求响应信息：{'error': 'invalid_grant', 'error_description': 'Bad credentials'}
2023-08-21 16:42:22,964 - testcase_info - testcase_parameter.py  - [line:118] - INFO: 
请求响应信息： [400, '{"error":"invalid_grant","error_description":"Bad credentials"}']
2023-08-21 16:42:22,965 - check_result - check_result.py  - [line:58] - INFO: 
待核验信息：{'check_mode': 'check_code', 'expected_code': 400, 'expected_desc': {'$..msg': '门店车型代码重复！'}, 'expected_format': {'code': 101058, 'success': False, 'data': {}}} 
请求响应信息：[400, '{"error":"invalid_grant","error_description":"Bad credentials"}'] 
预期响应码：400 
实际响应码：400
2023-08-21 16:42:22,971 - testcase_info - testcase_parameter.py  - [line:59] - INFO: ********************************************************************************************************************************************************************************************************
2023-08-21 16:42:22,971 - testcase_info - testcase_parameter.py  - [line:60] - INFO: 用例id：2
2023-08-21 16:42:22,971 - testcase_info - testcase_parameter.py  - [line:61] - INFO: 接口名称：登录
2023-08-21 16:42:22,971 - testcase_info - testcase_parameter.py  - [line:62] - INFO: 用例名称：登录失败
2023-08-21 16:42:22,971 - testcase_info - testcase_parameter.py  - [line:63] - INFO: 前置用例：None
2023-08-21 16:42:22,971 - testcase_info - testcase_parameter.py  - [line:64] - INFO: 前置用例响应数据：detail.type
2023-08-21 16:42:22,971 - testcase_info - testcase_parameter.py  - [line:65] - INFO: 数据依赖字段：remark
2023-08-21 16:42:22,971 - testcase_info - testcase_parameter.py  - [line:66] - INFO: api_url：api/ld-erps/deptoptionalpackage/submit
2023-08-21 16:42:22,971 - testcase_info - testcase_parameter.py  - [line:67] - INFO: 请求地址：http://lduat.xsdmt.com.cn/api/ld-erps/deptoptionalpackage/submit
2023-08-21 16:42:22,972 - testcase_info - testcase_parameter.py  - [line:68] - INFO: 请求方式：post
2023-08-21 16:42:22,972 - testcase_info - testcase_parameter.py  - [line:69] - INFO: 请求数据：{'deptBrandId': '1500010931297513473', 'deptFirmId': '1500010984066052098', 'deptSeriesId': '1500011053616001025', 'packageName': '国庆节', 'packageCode': '大礼包', 'remark': '十月'}
2023-08-21 16:42:22,972 - testcase_info - testcase_parameter.py  - [line:70] - INFO: 请求头信息：{'Content-Type': 'application/json;charset=UTF-8', 'Authorization': 'Basic c2FiZXI6bGRAMTIzNDU2', 'Blade-Auth': 'bearer eyJhbGciOiJIUzI1NiIsInR5cCI6IkpXVCJ9.eyJ0ZW5hbnRfaWQiOiI2ODMyNTIiLCJ0ZW5hbnRfbmFtZSI6Iua8lOekuuenn-aItyjmlbDmja7lvILluLjmmoLlgZzkvb_nlKgpIiwidXNlcl9uYW1lIjoiYWRtaW4iLCJkZXB0X25hbWUiOiLmvJTnpLrnp5_miLciLCJyZWFsX25hbWUiOiJhZG1pbiIsImF2YXRhciI6InVwbG9hZC8yMDIyMDExMi8zZTg3ZDI2YzZhMzUxOWM5YmM5N2YwM2I2Y2E0N2E3OS5wbmciLCJhdXRob3JpdGllcyI6WyJhZG1pbiJdLCJjbGllbnRfaWQiOiJzYWJlciIsInJvbGVfbmFtZSI6ImFkbWluIiwicG9zdF9pZCI6IjE0ODEyMDc0NTI2NzU5NDQ0NDkiLCJ1c2VyX2lkIjoiMTQ3MzQ4MjMxOTgxNzk2OTY2NSIsInJvbGVfaWQiOiIxNDczNDgyMzEwNTQwNjU2NjQxIiwicG9zdF9uYW1lIjoiY2VvIiwic2NvcGUiOlsiYWxsIl0sIm5pY2tfbmFtZSI6ImFkbWluIiwib2F1dGhfaWQiOiIiLCJkZXRhaWwiOnsidHlwZSI6IndlYiJ9LCJleHAiOjE2ODk2ODAxMzEsImRlcHRfaWQiOiIxNDczNDgyMzE0MzcwMDU2MTk0IiwicG93ZXJlZCBieSBsZCI6InBvd2VyZWQgYnkgYmxhZGV4IiwianRpIjoiNjY4NDAwOGEtYWUwMi00YzQ0LWE2OWItY2FiYzdkZjY3ZWUzIiwiYWNjb3VudCI6ImFkbWluIn0.u01NTOYLZSSCyoUsKowvKEWyTW_1qDeBXqdszhQkbxw', 'Cookie': 'saber-refresh-token=eyJhbGciOiJIUzI1NiIsInR5cCI6IkpXVCJ9.eyJ0ZW5hbnRfaWQiOiI2ODMyNTIiLCJ0ZW5hbnRfbmFtZSI6Iua8lOekuuenn-aItyjmlbDmja7lvILluLjmmoLlgZzkvb_nlKgpIiwidXNlcl9uYW1lIjoiYWRtaW4iLCJkZXB0X25hbWUiOiLmvJTnpLrnp5_miLciLCJyZWFsX25hbWUiOiJhZG1pbiIsImF2YXRhciI6InVwbG9hZC8yMDIyMDExMi8zZTg3ZDI2YzZhMzUxOWM5YmM5N2YwM2I2Y2E0N2E3OS5wbmciLCJhdXRob3JpdGllcyI6WyJhZG1pbiJdLCJjbGllbnRfaWQiOiJzYWJlciIsInJvbGVfbmFtZSI6ImFkbWluIiwicG9zdF9pZCI6IjE0ODEyMDc0NTI2NzU5NDQ0NDkiLCJ1c2VyX2lkIjoiMTQ3MzQ4MjMxOTgxNzk2OTY2NSIsInJvbGVfaWQiOiIxNDczNDgyMzEwNTQwNjU2NjQxIiwicG9zdF9uYW1lIjoiY2VvIiwic2NvcGUiOlsiYWxsIl0sIm5pY2tfbmFtZSI6ImFkbWluIiwiYXRpIjoiNjY4NDAwOGEtYWUwMi00YzQ0LWE2OWItY2FiYzdkZjY3ZWUzIiwib2F1dGhfaWQiOiIiLCJkZXRhaWwiOnsidHlwZSI6IndlYiJ9LCJleHAiOjE2OTAyODEzMzEsImRlcHRfaWQiOiIxNDczNDgyMzE0MzcwMDU2MTk0IiwicG93ZXJlZCBieSBsZCI6InBvd2VyZWQgYnkgYmxhZGV4IiwianRpIjoiZTg1NDE0NGQtZTY5Zi00MGY3LWJjM2MtNTZjOTU1ZjEzNDFiIiwiYWNjb3VudCI6ImFkbWluIn0.J8qEnQvTnFrl-WQrJRmIuOq468SeHwenrHrph6J-U20', 'dept_id': '1473482314370056194', 'Tenant-Id': '683252'}
2023-08-21 16:42:22,972 - testcase_info - testcase_parameter.py  - [line:71] - INFO: 参数媒体类型：application/json
2023-08-21 16:42:22,972 - testcase_info - testcase_parameter.py  - [line:72] - INFO: 上传文件：{'图片1': 'C:\\Users\\asus\\Desktop\\1.jpg', '图片2': 'C:\\Users\\asus\\Desktop\\2.jpg'}
2023-08-21 16:42:22,973 - testcase_info - testcase_parameter.py  - [line:73] - INFO: cookies：False
2023-08-21 16:42:22,973 - testcase_info - testcase_parameter.py  - [line:74] - INFO: 超时时长：10
2023-08-21 16:42:22,973 - testcase_info - testcase_parameter.py  - [line:75] - INFO: 待核验信息：{'check_mode': 'check_code', 'expected_code': 206, 'expected_desc': {'$..msg': '请求未授权'}, 'expected_format': {'code': 101058, 'success': False, 'data': {}}}
2023-08-21 16:42:23,027 - api_method - api_method.py  - [line:29] - INFO: POST请求方法1: POST--application/json,请求响应信息：{'msg': '请求未授权', 'code': 401, 'data': None}
2023-08-21 16:42:24,043 - testcase_info - testcase_parameter.py  - [line:118] - INFO: 
请求响应信息： [401, '{"msg":"请求未授权","code":401,"data":null}']
2023-08-21 16:42:24,049 - check_result - check_result.py  - [line:55] - ERROR: 
预期响应码:206 
实际响应码:401 
错误信息:Traceback (most recent call last):
  File "D:\Pytest_API\comm\check_result.py", line 53, in test_check_result
    assert str(expected_code) == str(actual_code)
AssertionError

2023-08-21 16:42:24,222 - testcase_info - testcase_parameter.py  - [line:59] - INFO: ********************************************************************************************************************************************************************************************************
2023-08-21 16:42:24,222 - testcase_info - testcase_parameter.py  - [line:60] - INFO: 用例id：3
2023-08-21 16:42:24,222 - testcase_info - testcase_parameter.py  - [line:61] - INFO: 接口名称：金融机构逻辑删除
2023-08-21 16:42:24,222 - testcase_info - testcase_parameter.py  - [line:62] - INFO: 用例名称：删除金融机构
2023-08-21 16:42:24,223 - testcase_info - testcase_parameter.py  - [line:63] - INFO: 前置用例：None
2023-08-21 16:42:24,223 - testcase_info - testcase_parameter.py  - [line:64] - INFO: 前置用例响应数据：error
2023-08-21 16:42:24,223 - testcase_info - testcase_parameter.py  - [line:65] - INFO: 数据依赖字段：ids
2023-08-21 16:42:24,223 - testcase_info - testcase_parameter.py  - [line:66] - INFO: api_url：api/ld-erps/finance/remove
2023-08-21 16:42:24,223 - testcase_info - testcase_parameter.py  - [line:67] - INFO: 请求地址：http://lduat.xsdmt.com.cn/api/ld-erps/finance/remove
2023-08-21 16:42:24,223 - testcase_info - testcase_parameter.py  - [line:68] - INFO: 请求方式：post
2023-08-21 16:42:24,223 - testcase_info - testcase_parameter.py  - [line:69] - INFO: 请求数据：{'ids': '1455772183081054209'}
2023-08-21 16:42:24,223 - testcase_info - testcase_parameter.py  - [line:70] - INFO: 请求头信息：{'Content-Type': 'application/x-www-form-urlencoded', 'Authorization': 'Basic c2FiZXI6bGRAMTIzNDU2', 'Blade-Auth': 'bearer eyJhbGciOiJIUzI1NiIsInR5cCI6IkpXVCJ9.eyJ0ZW5hbnRfaWQiOiI2ODMyNTIiLCJ0ZW5hbnRfbmFtZSI6Iua8lOekuuenn-aItyjmlbDmja7lvILluLjmmoLlgZzkvb_nlKgpIiwidXNlcl9uYW1lIjoiYWRtaW4iLCJkZXB0X25hbWUiOiLmvJTnpLrnp5_miLciLCJyZWFsX25hbWUiOiJhZG1pbiIsImF2YXRhciI6InVwbG9hZC8yMDIyMDExMi8zZTg3ZDI2YzZhMzUxOWM5YmM5N2YwM2I2Y2E0N2E3OS5wbmciLCJhdXRob3JpdGllcyI6WyJhZG1pbiJdLCJjbGllbnRfaWQiOiJzYWJlciIsInJvbGVfbmFtZSI6ImFkbWluIiwicG9zdF9pZCI6IjE0ODEyMDc0NTI2NzU5NDQ0NDkiLCJ1c2VyX2lkIjoiMTQ3MzQ4MjMxOTgxNzk2OTY2NSIsInJvbGVfaWQiOiIxNDczNDgyMzEwNTQwNjU2NjQxIiwicG9zdF9uYW1lIjoiY2VvIiwic2NvcGUiOlsiYWxsIl0sIm5pY2tfbmFtZSI6ImFkbWluIiwib2F1dGhfaWQiOiIiLCJkZXRhaWwiOnsidHlwZSI6IndlYiJ9LCJleHAiOjE2ODk2ODAxMzEsImRlcHRfaWQiOiIxNDczNDgyMzE0MzcwMDU2MTk0IiwicG93ZXJlZCBieSBsZCI6InBvd2VyZWQgYnkgYmxhZGV4IiwianRpIjoiNjY4NDAwOGEtYWUwMi00YzQ0LWE2OWItY2FiYzdkZjY3ZWUzIiwiYWNjb3VudCI6ImFkbWluIn0.u01NTOYLZSSCyoUsKowvKEWyTW_1qDeBXqdszhQkbxw', 'Cookie': 'saber-refresh-token=eyJhbGciOiJIUzI1NiIsInR5cCI6IkpXVCJ9.eyJ0ZW5hbnRfaWQiOiI2ODMyNTIiLCJ0ZW5hbnRfbmFtZSI6Iua8lOekuuenn-aItyjmlbDmja7lvILluLjmmoLlgZzkvb_nlKgpIiwidXNlcl9uYW1lIjoiYWRtaW4iLCJkZXB0X25hbWUiOiLmvJTnpLrnp5_miLciLCJyZWFsX25hbWUiOiJhZG1pbiIsImF2YXRhciI6InVwbG9hZC8yMDIyMDExMi8zZTg3ZDI2YzZhMzUxOWM5YmM5N2YwM2I2Y2E0N2E3OS5wbmciLCJhdXRob3JpdGllcyI6WyJhZG1pbiJdLCJjbGllbnRfaWQiOiJzYWJlciIsInJvbGVfbmFtZSI6ImFkbWluIiwicG9zdF9pZCI6IjE0ODEyMDc0NTI2NzU5NDQ0NDkiLCJ1c2VyX2lkIjoiMTQ3MzQ4MjMxOTgxNzk2OTY2NSIsInJvbGVfaWQiOiIxNDczNDgyMzEwNTQwNjU2NjQxIiwicG9zdF9uYW1lIjoiY2VvIiwic2NvcGUiOlsiYWxsIl0sIm5pY2tfbmFtZSI6ImFkbWluIiwiYXRpIjoiNjY4NDAwOGEtYWUwMi00YzQ0LWE2OWItY2FiYzdkZjY3ZWUzIiwib2F1dGhfaWQiOiIiLCJkZXRhaWwiOnsidHlwZSI6IndlYiJ9LCJleHAiOjE2OTAyODEzMzEsImRlcHRfaWQiOiIxNDczNDgyMzE0MzcwMDU2MTk0IiwicG93ZXJlZCBieSBsZCI6InBvd2VyZWQgYnkgYmxhZGV4IiwianRpIjoiZTg1NDE0NGQtZTY5Zi00MGY3LWJjM2MtNTZjOTU1ZjEzNDFiIiwiYWNjb3VudCI6ImFkbWluIn0.J8qEnQvTnFrl-WQrJRmIuOq468SeHwenrHrph6J-U20', 'dept_id': '1473482314370056194', 'Tenant-Id': '683252'}
2023-08-21 16:42:24,223 - testcase_info - testcase_parameter.py  - [line:71] - INFO: 参数媒体类型：www-form-urlencoded
2023-08-21 16:42:24,223 - testcase_info - testcase_parameter.py  - [line:72] - INFO: 上传文件：None
2023-08-21 16:42:24,223 - testcase_info - testcase_parameter.py  - [line:73] - INFO: cookies：False
2023-08-21 16:42:24,223 - testcase_info - testcase_parameter.py  - [line:74] - INFO: 超时时长：10
2023-08-21 16:42:24,224 - testcase_info - testcase_parameter.py  - [line:75] - INFO: 待核验信息：{'check_mode': 'check_code', 'expected_code': 401, 'expected_desc': {'$..msg': '门店车型代码重复！'}, 'expected_format': {'code': 101058, 'success': False, 'data': {}}}
2023-08-21 16:42:24,264 - api_method - api_method.py  - [line:33] - INFO: POST请求方法2: POST--www-form-urlencoded,请求响应信息：{'msg': '请求未授权', 'code': 401, 'data': None}
2023-08-21 16:42:25,274 - testcase_info - testcase_parameter.py  - [line:118] - INFO: 
请求响应信息： [401, '{"msg":"请求未授权","code":401,"data":null}']
2023-08-21 16:42:25,277 - check_result - check_result.py  - [line:58] - INFO: 
待核验信息：{'check_mode': 'check_code', 'expected_code': 401, 'expected_desc': {'$..msg': '门店车型代码重复！'}, 'expected_format': {'code': 101058, 'success': False, 'data': {}}} 
请求响应信息：[401, '{"msg":"请求未授权","code":401,"data":null}'] 
预期响应码：401 
实际响应码：401
2023-08-21 16:42:25,289 - testcase_info - testcase_parameter.py  - [line:59] - INFO: ********************************************************************************************************************************************************************************************************
2023-08-21 16:42:25,289 - testcase_info - testcase_parameter.py  - [line:60] - INFO: 用例id：4
2023-08-21 16:42:25,289 - testcase_info - testcase_parameter.py  - [line:61] - INFO: 接口名称：车型信息
2023-08-21 16:42:25,290 - testcase_info - testcase_parameter.py  - [line:62] - INFO: 用例名称：新增车型信息
2023-08-21 16:42:25,290 - testcase_info - testcase_parameter.py  - [line:63] - INFO: 前置用例：1
2023-08-21 16:42:25,290 - testcase_info - testcase_parameter.py  - [line:64] - INFO: 前置用例响应数据：detail.type
2023-08-21 16:42:25,290 - testcase_info - testcase_parameter.py  - [line:65] - INFO: 数据依赖字段：deptSeriesId
2023-08-21 16:42:25,290 - testcase_info - testcase_parameter.py  - [line:66] - INFO: api_url：api/ld-erps/deptcartype/submit
2023-08-21 16:42:25,291 - testcase_info - testcase_parameter.py  - [line:67] - INFO: 请求地址：http://lduat.xsdmt.com.cn/api/ld-erps/deptcartype/submit
2023-08-21 16:42:25,291 - testcase_info - testcase_parameter.py  - [line:68] - INFO: 请求方式：post
2023-08-21 16:42:25,291 - testcase_info - testcase_parameter.py  - [line:69] - INFO: 请求数据：{'brandName': '1500010931297513473', 'deptBrandId': '1500010931297513473', 'deptFirmId': '1500010984066052098', 'deptSeriesId': '1500011053616001025', 'typeName': 'a1', 'typeCode': 'a23', 'ageStyleType': 1, 'ageStyleTypeName': '1', 'gearBoxType': 1, 'gearBoxTypeName': '1', 'engineCapacity': 'a4', 'emissionStandard': 1, 'emissionStandardName': '1', 'versionNo': 'a5', 'powerType': 1, 'powerTypeName': '1', 'guidePrice': '6', 'costPrice': '7', 'referenceRebate': '7', 'status': 1, 'furl': '', 'imgsUrl': 'upload/20230718/b817487e07842052d575d9d2935a29fd.jpg', 'remark': '<p>豪车</p>', 'appliedScope': '1,2'}
2023-08-21 16:42:25,291 - testcase_info - testcase_parameter.py  - [line:70] - INFO: 请求头信息：{'Content-Type': 'application/json;charset=UTF-8', 'Authorization': 'Basic c2FiZXI6bGRAMTIzNDU2', 'Blade-Auth': 'bearer eyJhbGciOiJIUzI1NiIsInR5cCI6IkpXVCJ9.eyJ0ZW5hbnRfaWQiOiI2ODMyNTIiLCJ0ZW5hbnRfbmFtZSI6Iua8lOekuuenn-aItyjmlbDmja7lvILluLjmmoLlgZzkvb_nlKgpIiwidXNlcl9uYW1lIjoiYWRtaW4iLCJkZXB0X25hbWUiOiLmvJTnpLrnp5_miLciLCJyZWFsX25hbWUiOiJhZG1pbiIsImF2YXRhciI6InVwbG9hZC8yMDIyMDExMi8zZTg3ZDI2YzZhMzUxOWM5YmM5N2YwM2I2Y2E0N2E3OS5wbmciLCJhdXRob3JpdGllcyI6WyJhZG1pbiJdLCJjbGllbnRfaWQiOiJzYWJlciIsInJvbGVfbmFtZSI6ImFkbWluIiwicG9zdF9pZCI6IjE0ODEyMDc0NTI2NzU5NDQ0NDkiLCJ1c2VyX2lkIjoiMTQ3MzQ4MjMxOTgxNzk2OTY2NSIsInJvbGVfaWQiOiIxNDczNDgyMzEwNTQwNjU2NjQxIiwicG9zdF9uYW1lIjoiY2VvIiwic2NvcGUiOlsiYWxsIl0sIm5pY2tfbmFtZSI6ImFkbWluIiwib2F1dGhfaWQiOiIiLCJkZXRhaWwiOnsidHlwZSI6IndlYiJ9LCJleHAiOjE2ODk2ODAxMzEsImRlcHRfaWQiOiIxNDczNDgyMzE0MzcwMDU2MTk0IiwicG93ZXJlZCBieSBsZCI6InBvd2VyZWQgYnkgYmxhZGV4IiwianRpIjoiNjY4NDAwOGEtYWUwMi00YzQ0LWE2OWItY2FiYzdkZjY3ZWUzIiwiYWNjb3VudCI6ImFkbWluIn0.u01NTOYLZSSCyoUsKowvKEWyTW_1qDeBXqdszhQkbxw', 'Cookie': 'saber-refresh-token=eyJhbGciOiJIUzI1NiIsInR5cCI6IkpXVCJ9.eyJ0ZW5hbnRfaWQiOiI2ODMyNTIiLCJ0ZW5hbnRfbmFtZSI6Iua8lOekuuenn-aItyjmlbDmja7lvILluLjmmoLlgZzkvb_nlKgpIiwidXNlcl9uYW1lIjoiYWRtaW4iLCJkZXB0X25hbWUiOiLmvJTnpLrnp5_miLciLCJyZWFsX25hbWUiOiJhZG1pbiIsImF2YXRhciI6InVwbG9hZC8yMDIyMDExMi8zZTg3ZDI2YzZhMzUxOWM5YmM5N2YwM2I2Y2E0N2E3OS5wbmciLCJhdXRob3JpdGllcyI6WyJhZG1pbiJdLCJjbGllbnRfaWQiOiJzYWJlciIsInJvbGVfbmFtZSI6ImFkbWluIiwicG9zdF9pZCI6IjE0ODEyMDc0NTI2NzU5NDQ0NDkiLCJ1c2VyX2lkIjoiMTQ3MzQ4MjMxOTgxNzk2OTY2NSIsInJvbGVfaWQiOiIxNDczNDgyMzEwNTQwNjU2NjQxIiwicG9zdF9uYW1lIjoiY2VvIiwic2NvcGUiOlsiYWxsIl0sIm5pY2tfbmFtZSI6ImFkbWluIiwiYXRpIjoiNjY4NDAwOGEtYWUwMi00YzQ0LWE2OWItY2FiYzdkZjY3ZWUzIiwib2F1dGhfaWQiOiIiLCJkZXRhaWwiOnsidHlwZSI6IndlYiJ9LCJleHAiOjE2OTAyODEzMzEsImRlcHRfaWQiOiIxNDczNDgyMzE0MzcwMDU2MTk0IiwicG93ZXJlZCBieSBsZCI6InBvd2VyZWQgYnkgYmxhZGV4IiwianRpIjoiZTg1NDE0NGQtZTY5Zi00MGY3LWJjM2MtNTZjOTU1ZjEzNDFiIiwiYWNjb3VudCI6ImFkbWluIn0.J8qEnQvTnFrl-WQrJRmIuOq468SeHwenrHrph6J-U20', 'dept_id': '1473482314370056194', 'Tenant-Id': '683252'}
2023-08-21 16:42:25,294 - testcase_info - testcase_parameter.py  - [line:71] - INFO: 参数媒体类型：application/json
2023-08-21 16:42:25,294 - testcase_info - testcase_parameter.py  - [line:72] - INFO: 上传文件：None
2023-08-21 16:42:25,295 - testcase_info - testcase_parameter.py  - [line:73] - INFO: cookies：False
2023-08-21 16:42:25,295 - testcase_info - testcase_parameter.py  - [line:74] - INFO: 超时时长：10
2023-08-21 16:42:25,295 - testcase_info - testcase_parameter.py  - [line:75] - INFO: 待核验信息：{'check_mode': 'check_code', 'expected_code': 401, 'expected_desc': {'$..msg': '门店车型代码重复！'}, 'expected_format': {'code': 101058, 'success': False, 'data': {}, 'msg': '门店车型代码重复！'}}
2023-08-21 16:42:25,358 - dependent_data - dependent_data.py  - [line:25] - INFO: case_id:4，匹配到的case数据为:{'case_id': 4, 'api_name': '车型信息', 'case_name': '新增车型信息', 'is_run': True, 'level': 'trivial', 'premise_caseid': 1, 'premise_key': 'detail.type', 'relevance_field': 'deptSeriesId', 'url': 'api/ld-erps/deptcartype/submit', 'method': 'post', 'data': {'brandName': '1500010931297513473', 'deptBrandId': '1500010931297513473', 'deptFirmId': '1500010984066052098', 'deptSeriesId': '1500011053616001025', 'typeName': 'a1', 'typeCode': 'a23', 'ageStyleType': 1, 'ageStyleTypeName': '1', 'gearBoxType': 1, 'gearBoxTypeName': '1', 'engineCapacity': 'a4', 'emissionStandard': 1, 'emissionStandardName': '1', 'versionNo': 'a5', 'powerType': 1, 'powerTypeName': '1', 'guidePrice': '6', 'costPrice': '7', 'referenceRebate': '7', 'status': 1, 'furl': '', 'imgsUrl': 'upload/20230718/b817487e07842052d575d9d2935a29fd.jpg', 'remark': '<p>豪车</p>', 'appliedScope': '1,2'}, 'headers': {'Content-Type': 'application/json;charset=UTF-8', 'Authorization': 'Basic c2FiZXI6bGRAMTIzNDU2', 'Blade-Auth': 'bearer eyJhbGciOiJIUzI1NiIsInR5cCI6IkpXVCJ9.eyJ0ZW5hbnRfaWQiOiI2ODMyNTIiLCJ0ZW5hbnRfbmFtZSI6Iua8lOekuuenn-aItyjmlbDmja7lvILluLjmmoLlgZzkvb_nlKgpIiwidXNlcl9uYW1lIjoiYWRtaW4iLCJkZXB0X25hbWUiOiLmvJTnpLrnp5_miLciLCJyZWFsX25hbWUiOiJhZG1pbiIsImF2YXRhciI6InVwbG9hZC8yMDIyMDExMi8zZTg3ZDI2YzZhMzUxOWM5YmM5N2YwM2I2Y2E0N2E3OS5wbmciLCJhdXRob3JpdGllcyI6WyJhZG1pbiJdLCJjbGllbnRfaWQiOiJzYWJlciIsInJvbGVfbmFtZSI6ImFkbWluIiwicG9zdF9pZCI6IjE0ODEyMDc0NTI2NzU5NDQ0NDkiLCJ1c2VyX2lkIjoiMTQ3MzQ4MjMxOTgxNzk2OTY2NSIsInJvbGVfaWQiOiIxNDczNDgyMzEwNTQwNjU2NjQxIiwicG9zdF9uYW1lIjoiY2VvIiwic2NvcGUiOlsiYWxsIl0sIm5pY2tfbmFtZSI6ImFkbWluIiwib2F1dGhfaWQiOiIiLCJkZXRhaWwiOnsidHlwZSI6IndlYiJ9LCJleHAiOjE2ODk2ODAxMzEsImRlcHRfaWQiOiIxNDczNDgyMzE0MzcwMDU2MTk0IiwicG93ZXJlZCBieSBsZCI6InBvd2VyZWQgYnkgYmxhZGV4IiwianRpIjoiNjY4NDAwOGEtYWUwMi00YzQ0LWE2OWItY2FiYzdkZjY3ZWUzIiwiYWNjb3VudCI6ImFkbWluIn0.u01NTOYLZSSCyoUsKowvKEWyTW_1qDeBXqdszhQkbxw', 'Cookie': 'saber-refresh-token=eyJhbGciOiJIUzI1NiIsInR5cCI6IkpXVCJ9.eyJ0ZW5hbnRfaWQiOiI2ODMyNTIiLCJ0ZW5hbnRfbmFtZSI6Iua8lOekuuenn-aItyjmlbDmja7lvILluLjmmoLlgZzkvb_nlKgpIiwidXNlcl9uYW1lIjoiYWRtaW4iLCJkZXB0X25hbWUiOiLmvJTnpLrnp5_miLciLCJyZWFsX25hbWUiOiJhZG1pbiIsImF2YXRhciI6InVwbG9hZC8yMDIyMDExMi8zZTg3ZDI2YzZhMzUxOWM5YmM5N2YwM2I2Y2E0N2E3OS5wbmciLCJhdXRob3JpdGllcyI6WyJhZG1pbiJdLCJjbGllbnRfaWQiOiJzYWJlciIsInJvbGVfbmFtZSI6ImFkbWluIiwicG9zdF9pZCI6IjE0ODEyMDc0NTI2NzU5NDQ0NDkiLCJ1c2VyX2lkIjoiMTQ3MzQ4MjMxOTgxNzk2OTY2NSIsInJvbGVfaWQiOiIxNDczNDgyMzEwNTQwNjU2NjQxIiwicG9zdF9uYW1lIjoiY2VvIiwic2NvcGUiOlsiYWxsIl0sIm5pY2tfbmFtZSI6ImFkbWluIiwiYXRpIjoiNjY4NDAwOGEtYWUwMi00YzQ0LWE2OWItY2FiYzdkZjY3ZWUzIiwib2F1dGhfaWQiOiIiLCJkZXRhaWwiOnsidHlwZSI6IndlYiJ9LCJleHAiOjE2OTAyODEzMzEsImRlcHRfaWQiOiIxNDczNDgyMzE0MzcwMDU2MTk0IiwicG93ZXJlZCBieSBsZCI6InBvd2VyZWQgYnkgYmxhZGV4IiwianRpIjoiZTg1NDE0NGQtZTY5Zi00MGY3LWJjM2MtNTZjOTU1ZjEzNDFiIiwiYWNjb3VudCI6ImFkbWluIn0.J8qEnQvTnFrl-WQrJRmIuOq468SeHwenrHrph6J-U20', 'dept_id': '1473482314370056194', 'Tenant-Id': '683252'}, 'mime_type': 'application/json', 'files': None, 'cookies': False, 'timeout': 10, 'validate': {'check_mode': 'check_code', 'expected_code': 401, 'expected_desc': {'$..msg': '门店车型代码重复！'}, 'expected_format': {'code': 101058, 'success': False, 'data': {}, 'msg': '门店车型代码重复！'}}}
2023-08-21 16:42:25,359 - dependent_data - dependent_data.py  - [line:91] - INFO: case_id:4,用例信息:{'case_id': 4, 'api_name': '车型信息', 'case_name': '新增车型信息', 'is_run': True, 'level': 'trivial', 'premise_caseid': 1, 'premise_key': 'detail.type', 'relevance_field': 'deptSeriesId', 'url': 'api/ld-erps/deptcartype/submit', 'method': 'post', 'data': {'brandName': '1500010931297513473', 'deptBrandId': '1500010931297513473', 'deptFirmId': '1500010984066052098', 'deptSeriesId': '1500011053616001025', 'typeName': 'a1', 'typeCode': 'a23', 'ageStyleType': 1, 'ageStyleTypeName': '1', 'gearBoxType': 1, 'gearBoxTypeName': '1', 'engineCapacity': 'a4', 'emissionStandard': 1, 'emissionStandardName': '1', 'versionNo': 'a5', 'powerType': 1, 'powerTypeName': '1', 'guidePrice': '6', 'costPrice': '7', 'referenceRebate': '7', 'status': 1, 'furl': '', 'imgsUrl': 'upload/20230718/b817487e07842052d575d9d2935a29fd.jpg', 'remark': '<p>豪车</p>', 'appliedScope': '1,2'}, 'headers': {'Content-Type': 'application/json;charset=UTF-8', 'Authorization': 'Basic c2FiZXI6bGRAMTIzNDU2', 'Blade-Auth': 'bearer eyJhbGciOiJIUzI1NiIsInR5cCI6IkpXVCJ9.eyJ0ZW5hbnRfaWQiOiI2ODMyNTIiLCJ0ZW5hbnRfbmFtZSI6Iua8lOekuuenn-aItyjmlbDmja7lvILluLjmmoLlgZzkvb_nlKgpIiwidXNlcl9uYW1lIjoiYWRtaW4iLCJkZXB0X25hbWUiOiLmvJTnpLrnp5_miLciLCJyZWFsX25hbWUiOiJhZG1pbiIsImF2YXRhciI6InVwbG9hZC8yMDIyMDExMi8zZTg3ZDI2YzZhMzUxOWM5YmM5N2YwM2I2Y2E0N2E3OS5wbmciLCJhdXRob3JpdGllcyI6WyJhZG1pbiJdLCJjbGllbnRfaWQiOiJzYWJlciIsInJvbGVfbmFtZSI6ImFkbWluIiwicG9zdF9pZCI6IjE0ODEyMDc0NTI2NzU5NDQ0NDkiLCJ1c2VyX2lkIjoiMTQ3MzQ4MjMxOTgxNzk2OTY2NSIsInJvbGVfaWQiOiIxNDczNDgyMzEwNTQwNjU2NjQxIiwicG9zdF9uYW1lIjoiY2VvIiwic2NvcGUiOlsiYWxsIl0sIm5pY2tfbmFtZSI6ImFkbWluIiwib2F1dGhfaWQiOiIiLCJkZXRhaWwiOnsidHlwZSI6IndlYiJ9LCJleHAiOjE2ODk2ODAxMzEsImRlcHRfaWQiOiIxNDczNDgyMzE0MzcwMDU2MTk0IiwicG93ZXJlZCBieSBsZCI6InBvd2VyZWQgYnkgYmxhZGV4IiwianRpIjoiNjY4NDAwOGEtYWUwMi00YzQ0LWE2OWItY2FiYzdkZjY3ZWUzIiwiYWNjb3VudCI6ImFkbWluIn0.u01NTOYLZSSCyoUsKowvKEWyTW_1qDeBXqdszhQkbxw', 'Cookie': 'saber-refresh-token=eyJhbGciOiJIUzI1NiIsInR5cCI6IkpXVCJ9.eyJ0ZW5hbnRfaWQiOiI2ODMyNTIiLCJ0ZW5hbnRfbmFtZSI6Iua8lOekuuenn-aItyjmlbDmja7lvILluLjmmoLlgZzkvb_nlKgpIiwidXNlcl9uYW1lIjoiYWRtaW4iLCJkZXB0X25hbWUiOiLmvJTnpLrnp5_miLciLCJyZWFsX25hbWUiOiJhZG1pbiIsImF2YXRhciI6InVwbG9hZC8yMDIyMDExMi8zZTg3ZDI2YzZhMzUxOWM5YmM5N2YwM2I2Y2E0N2E3OS5wbmciLCJhdXRob3JpdGllcyI6WyJhZG1pbiJdLCJjbGllbnRfaWQiOiJzYWJlciIsInJvbGVfbmFtZSI6ImFkbWluIiwicG9zdF9pZCI6IjE0ODEyMDc0NTI2NzU5NDQ0NDkiLCJ1c2VyX2lkIjoiMTQ3MzQ4MjMxOTgxNzk2OTY2NSIsInJvbGVfaWQiOiIxNDczNDgyMzEwNTQwNjU2NjQxIiwicG9zdF9uYW1lIjoiY2VvIiwic2NvcGUiOlsiYWxsIl0sIm5pY2tfbmFtZSI6ImFkbWluIiwiYXRpIjoiNjY4NDAwOGEtYWUwMi00YzQ0LWE2OWItY2FiYzdkZjY3ZWUzIiwib2F1dGhfaWQiOiIiLCJkZXRhaWwiOnsidHlwZSI6IndlYiJ9LCJleHAiOjE2OTAyODEzMzEsImRlcHRfaWQiOiIxNDczNDgyMzE0MzcwMDU2MTk0IiwicG93ZXJlZCBieSBsZCI6InBvd2VyZWQgYnkgYmxhZGV4IiwianRpIjoiZTg1NDE0NGQtZTY5Zi00MGY3LWJjM2MtNTZjOTU1ZjEzNDFiIiwiYWNjb3VudCI6ImFkbWluIn0.J8qEnQvTnFrl-WQrJRmIuOq468SeHwenrHrph6J-U20', 'dept_id': '1473482314370056194', 'Tenant-Id': '683252'}, 'mime_type': 'application/json', 'files': None, 'cookies': False, 'timeout': 10, 'validate': {'check_mode': 'check_code', 'expected_code': 401, 'expected_desc': {'$..msg': '门店车型代码重复！'}, 'expected_format': {'code': 101058, 'success': False, 'data': {}, 'msg': '门店车型代码重复！'}}}
2023-08-21 16:42:25,359 - dependent_data - dependent_data.py  - [line:96] - INFO: 第一层，if路径,case_id:4,前置用例case_id:1
2023-08-21 16:42:25,388 - dependent_data - dependent_data.py  - [line:25] - INFO: case_id:1，匹配到的case数据为:{'case_id': 1, 'api_name': '登录', 'case_name': '登录成功', 'is_run': True, 'level': 'blocker', 'premise_caseid': None, 'premise_key': 'msg', 'relevance_field': '测试', 'url': 'api/blade-auth/oauth/token?', 'method': 'post', 'data': {'tenantId': '683252', 'username': 'admin', 'password': '670b14728ad9902aecba32e22fa4f6bd', 'grant_type': 'password', 'scope': 'all', 'type': 'account'}, 'headers': {'Authorization': 'Basic c2FiZXI6bGRAMTIzNDU2', 'Tenant-Id': '683252'}, 'mime_type': 'application/x-www-form-urlencoded', 'files': {'图片1': 'C:\\Users\\asus\\Desktop\\1.jpg', '图片2': 'C:\\Users\\asus\\Desktop\\2.jpg'}, 'cookies': False, 'timeout': 10, 'validate': {'check_mode': 'check_code', 'expected_code': 400, 'expected_desc': {'$..msg': '门店车型代码重复！'}, 'expected_format': {'code': 101058, 'success': False, 'data': {}}}}
2023-08-21 16:42:25,389 - dependent_data - dependent_data.py  - [line:99] - INFO: 前置用例case_id:1,用例信息:{'case_id': 1, 'api_name': '登录', 'case_name': '登录成功', 'is_run': True, 'level': 'blocker', 'premise_caseid': None, 'premise_key': 'msg', 'relevance_field': '测试', 'url': 'api/blade-auth/oauth/token?', 'method': 'post', 'data': {'tenantId': '683252', 'username': 'admin', 'password': '670b14728ad9902aecba32e22fa4f6bd', 'grant_type': 'password', 'scope': 'all', 'type': 'account'}, 'headers': {'Authorization': 'Basic c2FiZXI6bGRAMTIzNDU2', 'Tenant-Id': '683252'}, 'mime_type': 'application/x-www-form-urlencoded', 'files': {'图片1': 'C:\\Users\\asus\\Desktop\\1.jpg', '图片2': 'C:\\Users\\asus\\Desktop\\2.jpg'}, 'cookies': False, 'timeout': 10, 'validate': {'check_mode': 'check_code', 'expected_code': 400, 'expected_desc': {'$..msg': '门店车型代码重复！'}, 'expected_format': {'code': 101058, 'success': False, 'data': {}}}}
2023-08-21 16:42:25,389 - dependent_data - dependent_data.py  - [line:153] - INFO: 第二层，else路径,case_id:1,前置用例case_id:None
2023-08-21 16:42:25,389 - dependent_data - dependent_data.py  - [line:34] - INFO: 发送请求前，先获取用例case_id:1的case数据
2023-08-21 16:42:25,417 - dependent_data - dependent_data.py  - [line:25] - INFO: case_id:1，匹配到的case数据为:{'case_id': 1, 'api_name': '登录', 'case_name': '登录成功', 'is_run': True, 'level': 'blocker', 'premise_caseid': None, 'premise_key': 'msg', 'relevance_field': '测试', 'url': 'api/blade-auth/oauth/token?', 'method': 'post', 'data': {'tenantId': '683252', 'username': 'admin', 'password': '670b14728ad9902aecba32e22fa4f6bd', 'grant_type': 'password', 'scope': 'all', 'type': 'account'}, 'headers': {'Authorization': 'Basic c2FiZXI6bGRAMTIzNDU2', 'Tenant-Id': '683252'}, 'mime_type': 'application/x-www-form-urlencoded', 'files': {'图片1': 'C:\\Users\\asus\\Desktop\\1.jpg', '图片2': 'C:\\Users\\asus\\Desktop\\2.jpg'}, 'cookies': False, 'timeout': 10, 'validate': {'check_mode': 'check_code', 'expected_code': 400, 'expected_desc': {'$..msg': '门店车型代码重复！'}, 'expected_format': {'code': 101058, 'success': False, 'data': {}}}}
2023-08-21 16:42:25,514 - api_method - api_method.py  - [line:33] - INFO: POST请求方法2: POST--www-form-urlencoded,请求响应信息：{'error': 'invalid_grant', 'error_description': 'Bad credentials'}
2023-08-21 16:42:26,528 - dependent_data - dependent_data.py  - [line:62] - INFO: case_id: 1 ,请求响应信息:[400, '{"error":"invalid_grant","error_description":"Bad credentials"}']
2023-08-21 16:42:26,529 - dependent_data - dependent_data.py  - [line:156] - INFO: 第二层，else路径，请求响应信息:[400, '{"error":"invalid_grant","error_description":"Bad credentials"}']
2023-08-21 16:42:26,537 - testcase_info - testcase_parameter.py  - [line:100] - INFO: 用例参数化--附带前置用例,请求响应信息:[400, '{"error":"invalid_grant","error_description":"Bad credentials"}']
2023-08-21 16:42:26,541 - check_result - check_result.py  - [line:55] - ERROR: 
预期响应码:401 
实际响应码:400 
错误信息:Traceback (most recent call last):
  File "D:\Pytest_API\comm\check_result.py", line 53, in test_check_result
    assert str(expected_code) == str(actual_code)
AssertionError

